{"F:\\PROGRAM\\Assignment2App\\Bachelor_home\\src\\app.js": {"path":"F:\\PROGRAM\\Assignment2App\\Bachelor_home\\src\\app.js","statementMap":{"0":{"start":{"line":1,"column":16},"end":{"line":1,"column":34}},"1":{"start":{"line":2,"column":15},"end":{"line":2,"column":43}},"2":{"start":{"line":3,"column":24},"end":{"line":3,"column":56}},"3":{"start":{"line":4,"column":15},"end":{"line":4,"column":32}},"4":{"start":{"line":5,"column":13},"end":{"line":5,"column":28}},"5":{"start":{"line":7,"column":12},"end":{"line":7,"column":21}},"6":{"start":{"line":11,"column":0},"end":{"line":11,"column":16}},"7":{"start":{"line":12,"column":0},"end":{"line":12,"column":49}},"8":{"start":{"line":13,"column":0},"end":{"line":13,"column":15}},"9":{"start":{"line":15,"column":0},"end":{"line":19,"column":2}},"10":{"start":{"line":18,"column":4},"end":{"line":18,"column":53}},"11":{"start":{"line":21,"column":0},"end":{"line":27,"column":2}},"12":{"start":{"line":22,"column":18},"end":{"line":22,"column":59}},"13":{"start":{"line":23,"column":4},"end":{"line":23,"column":20}},"14":{"start":{"line":24,"column":4},"end":{"line":24,"column":29}},"15":{"start":{"line":26,"column":4},"end":{"line":26,"column":15}},"16":{"start":{"line":28,"column":0},"end":{"line":34,"column":2}},"17":{"start":{"line":29,"column":4},"end":{"line":29,"column":20}},"18":{"start":{"line":30,"column":4},"end":{"line":33,"column":6}},"19":{"start":{"line":36,"column":0},"end":{"line":36,"column":20}}},"fnMap":{"0":{"name":"(anonymous_0)","decl":{"start":{"line":15,"column":19},"end":{"line":15,"column":20}},"loc":{"start":{"line":15,"column":33},"end":{"line":19,"column":1}},"line":15},"1":{"name":"(anonymous_1)","decl":{"start":{"line":21,"column":13},"end":{"line":21,"column":14}},"loc":{"start":{"line":21,"column":33},"end":{"line":27,"column":1}},"line":21},"2":{"name":"(anonymous_2)","decl":{"start":{"line":28,"column":8},"end":{"line":28,"column":9}},"loc":{"start":{"line":28,"column":33},"end":{"line":34,"column":1}},"line":28}},"branchMap":{"0":{"loc":{"start":{"line":30,"column":15},"end":{"line":30,"column":32}},"type":"binary-expr","locations":[{"start":{"line":30,"column":15},"end":{"line":30,"column":25}},{"start":{"line":30,"column":29},"end":{"line":30,"column":32}}],"line":30}},"s":{"0":1,"1":1,"2":1,"3":1,"4":1,"5":1,"6":1,"7":1,"8":1,"9":1,"10":0,"11":1,"12":0,"13":0,"14":0,"15":0,"16":1,"17":0,"18":0,"19":1},"f":{"0":0,"1":0,"2":0},"b":{"0":[0,0]},"_coverageSchema":"1a1c01bbd47fc00a2c39e90264f33305004495a9","hash":"4fbfd5acebc39b0d5b1acd0447d363c48b2c05b5"}
,"F:\\PROGRAM\\Assignment2App\\Bachelor_home\\src\\api\\v1\\adminAuth\\controllers\\signup.js": {"path":"F:\\PROGRAM\\Assignment2App\\Bachelor_home\\src\\api\\v1\\adminAuth\\controllers\\signup.js","statementMap":{"0":{"start":{"line":2,"column":18},"end":{"line":2,"column":57}},"1":{"start":{"line":3,"column":25},"end":{"line":3,"column":67}},"2":{"start":{"line":4,"column":26},"end":{"line":4,"column":64}},"3":{"start":{"line":5,"column":23},"end":{"line":5,"column":82}},"4":{"start":{"line":7,"column":15},"end":{"line":54,"column":1}},"5":{"start":{"line":8,"column":38},"end":{"line":8,"column":46}},"6":{"start":{"line":10,"column":4},"end":{"line":53,"column":5}},"7":{"start":{"line":18,"column":23},"end":{"line":18,"column":81}},"8":{"start":{"line":22,"column":24},"end":{"line":27,"column":9}},"9":{"start":{"line":28,"column":28},"end":{"line":28,"column":54}},"10":{"start":{"line":29,"column":29},"end":{"line":29,"column":106}},"11":{"start":{"line":31,"column":25},"end":{"line":48,"column":9}},"12":{"start":{"line":50,"column":8},"end":{"line":50,"column":39}},"13":{"start":{"line":52,"column":8},"end":{"line":52,"column":18}},"14":{"start":{"line":56,"column":0},"end":{"line":56,"column":24}}},"fnMap":{"0":{"name":"(anonymous_0)","decl":{"start":{"line":7,"column":15},"end":{"line":7,"column":16}},"loc":{"start":{"line":7,"column":41},"end":{"line":54,"column":1}},"line":7}},"branchMap":{},"s":{"0":2,"1":2,"2":2,"3":2,"4":2,"5":3,"6":3,"7":3,"8":2,"9":2,"10":2,"11":2,"12":2,"13":1,"14":2},"f":{"0":3},"b":{},"_coverageSchema":"1a1c01bbd47fc00a2c39e90264f33305004495a9","hash":"1e599d1481acfcbe9bd9810cbf61948f11de7245"}
,"F:\\PROGRAM\\Assignment2App\\Bachelor_home\\src\\api\\v1\\auth\\controllers\\signin.js": {"path":"F:\\PROGRAM\\Assignment2App\\Bachelor_home\\src\\api\\v1\\auth\\controllers\\signin.js","statementMap":{"0":{"start":{"line":1,"column":20},"end":{"line":1,"column":57}},"1":{"start":{"line":2,"column":26},"end":{"line":2,"column":64}},"2":{"start":{"line":3,"column":18},"end":{"line":3,"column":57}},"3":{"start":{"line":5,"column":15},"end":{"line":50,"column":1}},"4":{"start":{"line":6,"column":32},"end":{"line":6,"column":40}},"5":{"start":{"line":8,"column":4},"end":{"line":49,"column":5}},"6":{"start":{"line":15,"column":23},"end":{"line":15,"column":67}},"7":{"start":{"line":18,"column":24},"end":{"line":23,"column":9}},"8":{"start":{"line":24,"column":28},"end":{"line":24,"column":54}},"9":{"start":{"line":25,"column":29},"end":{"line":25,"column":106}},"10":{"start":{"line":27,"column":25},"end":{"line":44,"column":9}},"11":{"start":{"line":46,"column":8},"end":{"line":46,"column":39}},"12":{"start":{"line":48,"column":8},"end":{"line":48,"column":18}},"13":{"start":{"line":52,"column":0},"end":{"line":52,"column":24}}},"fnMap":{"0":{"name":"(anonymous_0)","decl":{"start":{"line":5,"column":15},"end":{"line":5,"column":16}},"loc":{"start":{"line":5,"column":41},"end":{"line":50,"column":1}},"line":5}},"branchMap":{},"s":{"0":2,"1":2,"2":2,"3":2,"4":2,"5":2,"6":2,"7":1,"8":1,"9":1,"10":1,"11":1,"12":1,"13":2},"f":{"0":2},"b":{},"_coverageSchema":"1a1c01bbd47fc00a2c39e90264f33305004495a9","hash":"5d61befd69f8ce7e76f7559ee76588d3415f72f9"}
,"F:\\PROGRAM\\Assignment2App\\Bachelor_home\\src\\api\\v1\\auth\\controllers\\signup.js": {"path":"F:\\PROGRAM\\Assignment2App\\Bachelor_home\\src\\api\\v1\\auth\\controllers\\signup.js","statementMap":{"0":{"start":{"line":1,"column":18},"end":{"line":1,"column":57}},"1":{"start":{"line":4,"column":20},"end":{"line":4,"column":57}},"2":{"start":{"line":5,"column":26},"end":{"line":5,"column":64}},"3":{"start":{"line":7,"column":15},"end":{"line":52,"column":1}},"4":{"start":{"line":8,"column":38},"end":{"line":8,"column":46}},"5":{"start":{"line":10,"column":4},"end":{"line":51,"column":5}},"6":{"start":{"line":16,"column":23},"end":{"line":16,"column":76}},"7":{"start":{"line":20,"column":24},"end":{"line":25,"column":9}},"8":{"start":{"line":26,"column":28},"end":{"line":26,"column":54}},"9":{"start":{"line":27,"column":29},"end":{"line":27,"column":106}},"10":{"start":{"line":29,"column":25},"end":{"line":46,"column":9}},"11":{"start":{"line":48,"column":8},"end":{"line":48,"column":39}},"12":{"start":{"line":50,"column":8},"end":{"line":50,"column":18}},"13":{"start":{"line":54,"column":0},"end":{"line":54,"column":24}}},"fnMap":{"0":{"name":"(anonymous_0)","decl":{"start":{"line":7,"column":15},"end":{"line":7,"column":16}},"loc":{"start":{"line":7,"column":41},"end":{"line":52,"column":1}},"line":7}},"branchMap":{},"s":{"0":1,"1":1,"2":1,"3":1,"4":0,"5":0,"6":0,"7":0,"8":0,"9":0,"10":0,"11":0,"12":0,"13":1},"f":{"0":0},"b":{},"_coverageSchema":"1a1c01bbd47fc00a2c39e90264f33305004495a9","hash":"1c201bb890977497271e5e70e592fd2ef88b2aec"}
,"F:\\PROGRAM\\Assignment2App\\Bachelor_home\\src\\api\\v1\\meals\\controllers\\create.js": {"path":"F:\\PROGRAM\\Assignment2App\\Bachelor_home\\src\\api\\v1\\meals\\controllers\\create.js","statementMap":{"0":{"start":{"line":1,"column":22},"end":{"line":1,"column":60}},"1":{"start":{"line":2,"column":18},"end":{"line":2,"column":57}},"2":{"start":{"line":4,"column":19},"end":{"line":39,"column":1}},"3":{"start":{"line":5,"column":58},"end":{"line":5,"column":66}},"4":{"start":{"line":8,"column":4},"end":{"line":38,"column":5}},"5":{"start":{"line":14,"column":24},"end":{"line":14,"column":97}},"6":{"start":{"line":15,"column":25},"end":{"line":33,"column":9}},"7":{"start":{"line":35,"column":8},"end":{"line":35,"column":39}},"8":{"start":{"line":37,"column":8},"end":{"line":37,"column":18}},"9":{"start":{"line":41,"column":0},"end":{"line":41,"column":27}}},"fnMap":{"0":{"name":"(anonymous_0)","decl":{"start":{"line":4,"column":19},"end":{"line":4,"column":20}},"loc":{"start":{"line":4,"column":45},"end":{"line":39,"column":1}},"line":4}},"branchMap":{},"s":{"0":2,"1":2,"2":2,"3":2,"4":2,"5":2,"6":1,"7":1,"8":1,"9":2},"f":{"0":2},"b":{},"_coverageSchema":"1a1c01bbd47fc00a2c39e90264f33305004495a9","hash":"8c7315b0e845b917d1cb7d74d87cad52da8d4c75"}
,"F:\\PROGRAM\\Assignment2App\\Bachelor_home\\src\\api\\v1\\notices\\controllers\\create.js": {"path":"F:\\PROGRAM\\Assignment2App\\Bachelor_home\\src\\api\\v1\\notices\\controllers\\create.js","statementMap":{"0":{"start":{"line":3,"column":24},"end":{"line":3,"column":64}},"1":{"start":{"line":4,"column":18},"end":{"line":4,"column":57}},"2":{"start":{"line":6,"column":15},"end":{"line":41,"column":1}},"3":{"start":{"line":7,"column":28},"end":{"line":7,"column":36}},"4":{"start":{"line":10,"column":4},"end":{"line":40,"column":5}},"5":{"start":{"line":17,"column":23},"end":{"line":17,"column":68}},"6":{"start":{"line":19,"column":25},"end":{"line":35,"column":9}},"7":{"start":{"line":37,"column":8},"end":{"line":37,"column":39}},"8":{"start":{"line":39,"column":8},"end":{"line":39,"column":18}},"9":{"start":{"line":43,"column":0},"end":{"line":43,"column":23}}},"fnMap":{"0":{"name":"(anonymous_0)","decl":{"start":{"line":6,"column":15},"end":{"line":6,"column":16}},"loc":{"start":{"line":6,"column":41},"end":{"line":41,"column":1}},"line":6}},"branchMap":{},"s":{"0":2,"1":2,"2":2,"3":2,"4":2,"5":2,"6":1,"7":1,"8":1,"9":2},"f":{"0":2},"b":{},"_coverageSchema":"1a1c01bbd47fc00a2c39e90264f33305004495a9","hash":"b8316a901533b949a95cf600bbf67d3453482619"}
,"F:\\PROGRAM\\Assignment2App\\Bachelor_home\\src\\api\\v1\\products\\controllers\\create.js": {"path":"F:\\PROGRAM\\Assignment2App\\Bachelor_home\\src\\api\\v1\\products\\controllers\\create.js","statementMap":{"0":{"start":{"line":3,"column":25},"end":{"line":3,"column":66}},"1":{"start":{"line":4,"column":18},"end":{"line":4,"column":57}},"2":{"start":{"line":5,"column":15},"end":{"line":42,"column":1}},"3":{"start":{"line":7,"column":41},"end":{"line":7,"column":49}},"4":{"start":{"line":10,"column":4},"end":{"line":41,"column":5}},"5":{"start":{"line":17,"column":24},"end":{"line":17,"column":83}},"6":{"start":{"line":19,"column":25},"end":{"line":36,"column":9}},"7":{"start":{"line":38,"column":8},"end":{"line":38,"column":39}},"8":{"start":{"line":40,"column":8},"end":{"line":40,"column":18}},"9":{"start":{"line":44,"column":0},"end":{"line":44,"column":23}}},"fnMap":{"0":{"name":"(anonymous_0)","decl":{"start":{"line":5,"column":15},"end":{"line":5,"column":16}},"loc":{"start":{"line":5,"column":41},"end":{"line":42,"column":1}},"line":5}},"branchMap":{},"s":{"0":2,"1":2,"2":2,"3":2,"4":2,"5":2,"6":1,"7":1,"8":1,"9":2},"f":{"0":2},"b":{},"_coverageSchema":"1a1c01bbd47fc00a2c39e90264f33305004495a9","hash":"eff9d099c1ffb4f123ea6049afc624ccc3de2503"}
,"F:\\PROGRAM\\Assignment2App\\Bachelor_home\\src\\lib\\meals\\index.js": {"path":"F:\\PROGRAM\\Assignment2App\\Bachelor_home\\src\\lib\\meals\\index.js","statementMap":{"0":{"start":{"line":2,"column":13},"end":{"line":2,"column":40}},"1":{"start":{"line":3,"column":52},"end":{"line":3,"column":81}},"2":{"start":{"line":5,"column":15},"end":{"line":15,"column":1}},"3":{"start":{"line":7,"column":25},"end":{"line":7,"column":93}},"4":{"start":{"line":8,"column":4},"end":{"line":10,"column":5}},"5":{"start":{"line":9,"column":8},"end":{"line":9,"column":88}},"6":{"start":{"line":11,"column":17},"end":{"line":11,"column":83}},"7":{"start":{"line":12,"column":4},"end":{"line":12,"column":21}},"8":{"start":{"line":13,"column":4},"end":{"line":13,"column":15}},"9":{"start":{"line":16,"column":14},"end":{"line":23,"column":1}},"10":{"start":{"line":17,"column":19},"end":{"line":19,"column":5}},"11":{"start":{"line":21,"column":4},"end":{"line":21,"column":30}},"12":{"start":{"line":24,"column":29},"end":{"line":32,"column":1}},"13":{"start":{"line":26,"column":18},"end":{"line":26,"column":52}},"14":{"start":{"line":27,"column":4},"end":{"line":29,"column":5}},"15":{"start":{"line":28,"column":8},"end":{"line":28,"column":17}},"16":{"start":{"line":30,"column":4},"end":{"line":30,"column":24}},"17":{"start":{"line":34,"column":16},"end":{"line":54,"column":1}},"18":{"start":{"line":41,"column":20},"end":{"line":41,"column":63}},"19":{"start":{"line":42,"column":19},"end":{"line":44,"column":5}},"20":{"start":{"line":46,"column":18},"end":{"line":49,"column":21}},"21":{"start":{"line":52,"column":4},"end":{"line":52,"column":16}},"22":{"start":{"line":56,"column":19},"end":{"line":61,"column":1}},"23":{"start":{"line":58,"column":17},"end":{"line":58,"column":41}},"24":{"start":{"line":59,"column":4},"end":{"line":59,"column":15}},"25":{"start":{"line":63,"column":24},"end":{"line":79,"column":1}},"26":{"start":{"line":65,"column":17},"end":{"line":65,"column":41}},"27":{"start":{"line":66,"column":4},"end":{"line":69,"column":5}},"28":{"start":{"line":68,"column":8},"end":{"line":68,"column":40}},"29":{"start":{"line":71,"column":4},"end":{"line":71,"column":59}},"30":{"start":{"line":72,"column":4},"end":{"line":72,"column":44}},"31":{"start":{"line":73,"column":4},"end":{"line":73,"column":47}},"32":{"start":{"line":74,"column":4},"end":{"line":74,"column":65}},"33":{"start":{"line":76,"column":4},"end":{"line":76,"column":21}},"34":{"start":{"line":77,"column":4},"end":{"line":77,"column":15}},"35":{"start":{"line":82,"column":15},"end":{"line":103,"column":1}},"36":{"start":{"line":84,"column":17},"end":{"line":84,"column":41}},"37":{"start":{"line":86,"column":4},"end":{"line":88,"column":5}},"38":{"start":{"line":87,"column":8},"end":{"line":87,"column":45}},"39":{"start":{"line":90,"column":4},"end":{"line":101,"column":5}},"40":{"start":{"line":91,"column":24},"end":{"line":91,"column":57}},"41":{"start":{"line":92,"column":8},"end":{"line":96,"column":9}},"42":{"start":{"line":93,"column":12},"end":{"line":93,"column":24}},"43":{"start":{"line":95,"column":12},"end":{"line":95,"column":23}},"44":{"start":{"line":100,"column":8},"end":{"line":100,"column":27}},"45":{"start":{"line":105,"column":13},"end":{"line":110,"column":1}},"46":{"start":{"line":106,"column":18},"end":{"line":108,"column":5}},"47":{"start":{"line":109,"column":4},"end":{"line":109,"column":16}},"48":{"start":{"line":111,"column":22},"end":{"line":116,"column":1}},"49":{"start":{"line":112,"column":18},"end":{"line":114,"column":5}},"50":{"start":{"line":115,"column":4},"end":{"line":115,"column":16}},"51":{"start":{"line":117,"column":24},"end":{"line":134,"column":1}},"52":{"start":{"line":126,"column":20},"end":{"line":126,"column":63}},"53":{"start":{"line":127,"column":18},"end":{"line":130,"column":21}},"54":{"start":{"line":133,"column":4},"end":{"line":133,"column":16}},"55":{"start":{"line":136,"column":0},"end":{"line":147,"column":1}}},"fnMap":{"0":{"name":"(anonymous_0)","decl":{"start":{"line":5,"column":15},"end":{"line":5,"column":16}},"loc":{"start":{"line":5,"column":72},"end":{"line":15,"column":1}},"line":5},"1":{"name":"(anonymous_1)","decl":{"start":{"line":16,"column":14},"end":{"line":16,"column":15}},"loc":{"start":{"line":16,"column":35},"end":{"line":23,"column":1}},"line":16},"2":{"name":"(anonymous_2)","decl":{"start":{"line":24,"column":29},"end":{"line":24,"column":30}},"loc":{"start":{"line":24,"column":43},"end":{"line":32,"column":1}},"line":24},"3":{"name":"(anonymous_3)","decl":{"start":{"line":34,"column":16},"end":{"line":34,"column":17}},"loc":{"start":{"line":40,"column":6},"end":{"line":54,"column":1}},"line":40},"4":{"name":"(anonymous_4)","decl":{"start":{"line":56,"column":19},"end":{"line":56,"column":20}},"loc":{"start":{"line":56,"column":34},"end":{"line":61,"column":1}},"line":56},"5":{"name":"(anonymous_5)","decl":{"start":{"line":63,"column":24},"end":{"line":63,"column":25}},"loc":{"start":{"line":63,"column":51},"end":{"line":79,"column":1}},"line":63},"6":{"name":"(anonymous_6)","decl":{"start":{"line":82,"column":15},"end":{"line":82,"column":16}},"loc":{"start":{"line":82,"column":30},"end":{"line":103,"column":1}},"line":82},"7":{"name":"(anonymous_7)","decl":{"start":{"line":105,"column":13},"end":{"line":105,"column":14}},"loc":{"start":{"line":105,"column":47},"end":{"line":110,"column":1}},"line":105},"8":{"name":"(anonymous_8)","decl":{"start":{"line":111,"column":22},"end":{"line":111,"column":23}},"loc":{"start":{"line":111,"column":52},"end":{"line":116,"column":1}},"line":111},"9":{"name":"(anonymous_9)","decl":{"start":{"line":117,"column":24},"end":{"line":117,"column":25}},"loc":{"start":{"line":124,"column":6},"end":{"line":134,"column":1}},"line":124}},"branchMap":{"0":{"loc":{"start":{"line":8,"column":4},"end":{"line":10,"column":5}},"type":"if","locations":[{"start":{"line":8,"column":4},"end":{"line":10,"column":5}},{"start":{},"end":{}}],"line":8},"1":{"loc":{"start":{"line":16,"column":17},"end":{"line":16,"column":28}},"type":"default-arg","locations":[{"start":{"line":16,"column":26},"end":{"line":16,"column":28}}],"line":16},"2":{"loc":{"start":{"line":27,"column":4},"end":{"line":29,"column":5}},"type":"if","locations":[{"start":{"line":27,"column":4},"end":{"line":29,"column":5}},{"start":{},"end":{}}],"line":27},"3":{"loc":{"start":{"line":35,"column":4},"end":{"line":35,"column":24}},"type":"default-arg","locations":[{"start":{"line":35,"column":11},"end":{"line":35,"column":24}}],"line":35},"4":{"loc":{"start":{"line":36,"column":4},"end":{"line":36,"column":26}},"type":"default-arg","locations":[{"start":{"line":36,"column":12},"end":{"line":36,"column":26}}],"line":36},"5":{"loc":{"start":{"line":37,"column":4},"end":{"line":37,"column":32}},"type":"default-arg","locations":[{"start":{"line":37,"column":15},"end":{"line":37,"column":32}}],"line":37},"6":{"loc":{"start":{"line":38,"column":4},"end":{"line":38,"column":28}},"type":"default-arg","locations":[{"start":{"line":38,"column":13},"end":{"line":38,"column":28}}],"line":38},"7":{"loc":{"start":{"line":39,"column":4},"end":{"line":39,"column":28}},"type":"default-arg","locations":[{"start":{"line":39,"column":13},"end":{"line":39,"column":28}}],"line":39},"8":{"loc":{"start":{"line":41,"column":23},"end":{"line":41,"column":52}},"type":"cond-expr","locations":[{"start":{"line":41,"column":44},"end":{"line":41,"column":47}},{"start":{"line":41,"column":50},"end":{"line":41,"column":52}}],"line":41},"9":{"loc":{"start":{"line":66,"column":4},"end":{"line":69,"column":5}},"type":"if","locations":[{"start":{"line":66,"column":4},"end":{"line":69,"column":5}},{"start":{},"end":{}}],"line":66},"10":{"loc":{"start":{"line":71,"column":21},"end":{"line":71,"column":59}},"type":"binary-expr","locations":[{"start":{"line":71,"column":21},"end":{"line":71,"column":41}},{"start":{"line":71,"column":45},"end":{"line":71,"column":59}}],"line":71},"11":{"loc":{"start":{"line":72,"column":16},"end":{"line":72,"column":44}},"type":"binary-expr","locations":[{"start":{"line":72,"column":16},"end":{"line":72,"column":31}},{"start":{"line":72,"column":35},"end":{"line":72,"column":44}}],"line":72},"12":{"loc":{"start":{"line":73,"column":17},"end":{"line":73,"column":47}},"type":"binary-expr","locations":[{"start":{"line":73,"column":17},"end":{"line":73,"column":33}},{"start":{"line":73,"column":37},"end":{"line":73,"column":47}}],"line":73},"13":{"loc":{"start":{"line":74,"column":23},"end":{"line":74,"column":65}},"type":"binary-expr","locations":[{"start":{"line":74,"column":23},"end":{"line":74,"column":45}},{"start":{"line":74,"column":49},"end":{"line":74,"column":65}}],"line":74},"14":{"loc":{"start":{"line":86,"column":4},"end":{"line":88,"column":5}},"type":"if","locations":[{"start":{"line":86,"column":4},"end":{"line":88,"column":5}},{"start":{},"end":{}}],"line":86},"15":{"loc":{"start":{"line":92,"column":8},"end":{"line":96,"column":9}},"type":"if","locations":[{"start":{"line":92,"column":8},"end":{"line":96,"column":9}},{"start":{"line":94,"column":15},"end":{"line":96,"column":9}}],"line":92},"16":{"loc":{"start":{"line":118,"column":4},"end":{"line":118,"column":24}},"type":"default-arg","locations":[{"start":{"line":118,"column":11},"end":{"line":118,"column":24}}],"line":118},"17":{"loc":{"start":{"line":119,"column":4},"end":{"line":119,"column":26}},"type":"default-arg","locations":[{"start":{"line":119,"column":12},"end":{"line":119,"column":26}}],"line":119},"18":{"loc":{"start":{"line":120,"column":4},"end":{"line":120,"column":32}},"type":"default-arg","locations":[{"start":{"line":120,"column":15},"end":{"line":120,"column":32}}],"line":120},"19":{"loc":{"start":{"line":121,"column":4},"end":{"line":121,"column":28}},"type":"default-arg","locations":[{"start":{"line":121,"column":13},"end":{"line":121,"column":28}}],"line":121},"20":{"loc":{"start":{"line":126,"column":23},"end":{"line":126,"column":52}},"type":"cond-expr","locations":[{"start":{"line":126,"column":44},"end":{"line":126,"column":47}},{"start":{"line":126,"column":50},"end":{"line":126,"column":52}}],"line":126}},"s":{"0":10,"1":10,"2":10,"3":2,"4":2,"5":0,"6":2,"7":2,"8":2,"9":10,"10":1,"11":1,"12":10,"13":0,"14":0,"15":0,"16":0,"17":10,"18":1,"19":1,"20":1,"21":1,"22":10,"23":2,"24":2,"25":10,"26":1,"27":1,"28":1,"29":0,"30":0,"31":0,"32":0,"33":0,"34":0,"35":10,"36":2,"37":2,"38":1,"39":1,"40":1,"41":0,"42":0,"43":0,"44":1,"45":10,"46":0,"47":0,"48":10,"49":0,"50":0,"51":10,"52":1,"53":1,"54":1,"55":10},"f":{"0":2,"1":1,"2":0,"3":1,"4":2,"5":1,"6":2,"7":0,"8":0,"9":1},"b":{"0":[0,2],"1":[0],"2":[0,0],"3":[0],"4":[0],"5":[0],"6":[0],"7":[0],"8":[0,1],"9":[1,0],"10":[0,0],"11":[0,0],"12":[0,0],"13":[0,0],"14":[1,1],"15":[0,0],"16":[0],"17":[0],"18":[0],"19":[0],"20":[0,1]},"_coverageSchema":"1a1c01bbd47fc00a2c39e90264f33305004495a9","hash":"9f35e3790f6fd81d9324954b582866ed112124ca"}
,"F:\\PROGRAM\\Assignment2App\\Bachelor_home\\src\\model\\Member.js": {"path":"F:\\PROGRAM\\Assignment2App\\Bachelor_home\\src\\model\\Member.js","statementMap":{"0":{"start":{"line":1,"column":26},"end":{"line":1,"column":45}},"1":{"start":{"line":3,"column":21},"end":{"line":35,"column":1}},"2":{"start":{"line":37,"column":15},"end":{"line":37,"column":44}},"3":{"start":{"line":38,"column":0},"end":{"line":38,"column":24}}},"fnMap":{},"branchMap":{},"s":{"0":10,"1":10,"2":10,"3":10},"f":{},"b":{},"_coverageSchema":"1a1c01bbd47fc00a2c39e90264f33305004495a9","hash":"877cde4b7dc324a4765691f77d2b0bbae9f4995b"}
}
