{"F:\\PROGRAM\\Assignment2App\\Bachelor_home\\src\\api\\v1\\adminAuth\\controllers\\signup.js": {"path":"F:\\PROGRAM\\Assignment2App\\Bachelor_home\\src\\api\\v1\\adminAuth\\controllers\\signup.js","statementMap":{"0":{"start":{"line":3,"column":25},"end":{"line":3,"column":67}},"1":{"start":{"line":4,"column":26},"end":{"line":4,"column":64}},"2":{"start":{"line":6,"column":15},"end":{"line":46,"column":1}},"3":{"start":{"line":7,"column":38},"end":{"line":7,"column":46}},"4":{"start":{"line":9,"column":4},"end":{"line":45,"column":5}},"5":{"start":{"line":10,"column":23},"end":{"line":10,"column":81}},"6":{"start":{"line":14,"column":24},"end":{"line":19,"column":9}},"7":{"start":{"line":20,"column":28},"end":{"line":20,"column":54}},"8":{"start":{"line":21,"column":29},"end":{"line":21,"column":106}},"9":{"start":{"line":23,"column":25},"end":{"line":40,"column":9}},"10":{"start":{"line":42,"column":8},"end":{"line":42,"column":39}},"11":{"start":{"line":44,"column":8},"end":{"line":44,"column":18}},"12":{"start":{"line":48,"column":0},"end":{"line":48,"column":24}}},"fnMap":{"0":{"name":"(anonymous_0)","decl":{"start":{"line":6,"column":15},"end":{"line":6,"column":16}},"loc":{"start":{"line":6,"column":41},"end":{"line":46,"column":1}},"line":6}},"branchMap":{},"s":{"0":1,"1":1,"2":1,"3":2,"4":2,"5":2,"6":1,"7":1,"8":1,"9":1,"10":1,"11":1,"12":1},"f":{"0":2},"b":{},"_coverageSchema":"1a1c01bbd47fc00a2c39e90264f33305004495a9","hash":"f477de089a0c0b20e1e203087def8b3157557b03"}
,"F:\\PROGRAM\\Assignment2App\\Bachelor_home\\src\\api\\v1\\auth\\controllers\\signin.js": {"path":"F:\\PROGRAM\\Assignment2App\\Bachelor_home\\src\\api\\v1\\auth\\controllers\\signin.js","statementMap":{"0":{"start":{"line":1,"column":20},"end":{"line":1,"column":57}},"1":{"start":{"line":2,"column":26},"end":{"line":2,"column":64}},"2":{"start":{"line":4,"column":15},"end":{"line":42,"column":1}},"3":{"start":{"line":5,"column":32},"end":{"line":5,"column":40}},"4":{"start":{"line":7,"column":4},"end":{"line":41,"column":5}},"5":{"start":{"line":8,"column":23},"end":{"line":8,"column":67}},"6":{"start":{"line":10,"column":24},"end":{"line":15,"column":9}},"7":{"start":{"line":16,"column":28},"end":{"line":16,"column":54}},"8":{"start":{"line":17,"column":29},"end":{"line":17,"column":106}},"9":{"start":{"line":19,"column":25},"end":{"line":36,"column":9}},"10":{"start":{"line":38,"column":8},"end":{"line":38,"column":39}},"11":{"start":{"line":40,"column":8},"end":{"line":40,"column":18}},"12":{"start":{"line":44,"column":0},"end":{"line":44,"column":24}}},"fnMap":{"0":{"name":"(anonymous_0)","decl":{"start":{"line":4,"column":15},"end":{"line":4,"column":16}},"loc":{"start":{"line":4,"column":41},"end":{"line":42,"column":1}},"line":4}},"branchMap":{},"s":{"0":1,"1":1,"2":1,"3":2,"4":2,"5":2,"6":1,"7":1,"8":1,"9":1,"10":1,"11":1,"12":1},"f":{"0":2},"b":{},"_coverageSchema":"1a1c01bbd47fc00a2c39e90264f33305004495a9","hash":"e571d358135fd6eb606b7e98a3fc16c72ce7ccb3"}
,"F:\\PROGRAM\\Assignment2App\\Bachelor_home\\src\\api\\v1\\meals\\controllers\\create.js": {"path":"F:\\PROGRAM\\Assignment2App\\Bachelor_home\\src\\api\\v1\\meals\\controllers\\create.js","statementMap":{"0":{"start":{"line":1,"column":22},"end":{"line":1,"column":60}},"1":{"start":{"line":3,"column":19},"end":{"line":34,"column":1}},"2":{"start":{"line":4,"column":58},"end":{"line":4,"column":66}},"3":{"start":{"line":7,"column":4},"end":{"line":33,"column":5}},"4":{"start":{"line":9,"column":24},"end":{"line":9,"column":97}},"5":{"start":{"line":10,"column":25},"end":{"line":28,"column":9}},"6":{"start":{"line":30,"column":8},"end":{"line":30,"column":39}},"7":{"start":{"line":32,"column":8},"end":{"line":32,"column":18}},"8":{"start":{"line":36,"column":0},"end":{"line":36,"column":27}}},"fnMap":{"0":{"name":"(anonymous_0)","decl":{"start":{"line":3,"column":19},"end":{"line":3,"column":20}},"loc":{"start":{"line":3,"column":45},"end":{"line":34,"column":1}},"line":3}},"branchMap":{},"s":{"0":1,"1":1,"2":2,"3":2,"4":2,"5":1,"6":1,"7":1,"8":1},"f":{"0":2},"b":{},"_coverageSchema":"1a1c01bbd47fc00a2c39e90264f33305004495a9","hash":"de9cfcc961d54f104498b0dbb264d25ebce7eb4d"}
,"F:\\PROGRAM\\Assignment2App\\Bachelor_home\\src\\api\\v1\\meals\\controllers\\findAll.js": {"path":"F:\\PROGRAM\\Assignment2App\\Bachelor_home\\src\\api\\v1\\meals\\controllers\\findAll.js","statementMap":{"0":{"start":{"line":1,"column":22},"end":{"line":1,"column":60}},"1":{"start":{"line":2,"column":17},"end":{"line":2,"column":55}},"2":{"start":{"line":3,"column":22},"end":{"line":3,"column":62}},"3":{"start":{"line":4,"column":34},"end":{"line":4,"column":71}},"4":{"start":{"line":5,"column":20},"end":{"line":5,"column":66}},"5":{"start":{"line":6,"column":21},"end":{"line":6,"column":56}},"6":{"start":{"line":8,"column":17},"end":{"line":52,"column":1}},"7":{"start":{"line":10,"column":17},"end":{"line":10,"column":48}},"8":{"start":{"line":11,"column":18},"end":{"line":11,"column":51}},"9":{"start":{"line":12,"column":21},"end":{"line":12,"column":61}},"10":{"start":{"line":13,"column":19},"end":{"line":13,"column":55}},"11":{"start":{"line":14,"column":19},"end":{"line":14,"column":54}},"12":{"start":{"line":17,"column":4},"end":{"line":51,"column":5}},"13":{"start":{"line":18,"column":22},"end":{"line":24,"column":10}},"14":{"start":{"line":26,"column":8},"end":{"line":28,"column":9}},"15":{"start":{"line":27,"column":12},"end":{"line":27,"column":45}},"16":{"start":{"line":30,"column":21},"end":{"line":30,"column":55}},"17":{"start":{"line":32,"column":27},"end":{"line":32,"column":64}},"18":{"start":{"line":34,"column":27},"end":{"line":34,"column":65}},"19":{"start":{"line":37,"column":22},"end":{"line":37,"column":167}},"20":{"start":{"line":40,"column":25},"end":{"line":46,"column":9}},"21":{"start":{"line":48,"column":8},"end":{"line":48,"column":39}},"22":{"start":{"line":50,"column":8},"end":{"line":50,"column":18}},"23":{"start":{"line":54,"column":0},"end":{"line":54,"column":25}}},"fnMap":{"0":{"name":"(anonymous_0)","decl":{"start":{"line":8,"column":17},"end":{"line":8,"column":18}},"loc":{"start":{"line":8,"column":43},"end":{"line":52,"column":1}},"line":8}},"branchMap":{"0":{"loc":{"start":{"line":10,"column":17},"end":{"line":10,"column":48}},"type":"binary-expr","locations":[{"start":{"line":10,"column":17},"end":{"line":10,"column":31}},{"start":{"line":10,"column":35},"end":{"line":10,"column":48}}],"line":10},"1":{"loc":{"start":{"line":11,"column":18},"end":{"line":11,"column":51}},"type":"binary-expr","locations":[{"start":{"line":11,"column":18},"end":{"line":11,"column":33}},{"start":{"line":11,"column":37},"end":{"line":11,"column":51}}],"line":11},"2":{"loc":{"start":{"line":12,"column":21},"end":{"line":12,"column":61}},"type":"binary-expr","locations":[{"start":{"line":12,"column":21},"end":{"line":12,"column":40}},{"start":{"line":12,"column":44},"end":{"line":12,"column":61}}],"line":12},"3":{"loc":{"start":{"line":13,"column":19},"end":{"line":13,"column":55}},"type":"binary-expr","locations":[{"start":{"line":13,"column":19},"end":{"line":13,"column":36}},{"start":{"line":13,"column":40},"end":{"line":13,"column":55}}],"line":13},"4":{"loc":{"start":{"line":14,"column":19},"end":{"line":14,"column":54}},"type":"binary-expr","locations":[{"start":{"line":14,"column":19},"end":{"line":14,"column":35}},{"start":{"line":14,"column":39},"end":{"line":14,"column":54}}],"line":14},"5":{"loc":{"start":{"line":26,"column":8},"end":{"line":28,"column":9}},"type":"if","locations":[{"start":{"line":26,"column":8},"end":{"line":28,"column":9}},{"start":{},"end":{}}],"line":26}},"s":{"0":1,"1":1,"2":1,"3":1,"4":1,"5":1,"6":1,"7":2,"8":2,"9":2,"10":2,"11":2,"12":2,"13":2,"14":2,"15":1,"16":1,"17":1,"18":1,"19":1,"20":1,"21":1,"22":1,"23":1},"f":{"0":2},"b":{"0":[2,0],"1":[2,0],"2":[2,0],"3":[2,0],"4":[2,0],"5":[1,1]},"_coverageSchema":"1a1c01bbd47fc00a2c39e90264f33305004495a9","hash":"4f9d39c66cf73c4272909dd2a2698bb1b4b6d1c4"}
,"F:\\PROGRAM\\Assignment2App\\Bachelor_home\\src\\api\\v1\\meals\\controllers\\findAllOfMember.js": {"path":"F:\\PROGRAM\\Assignment2App\\Bachelor_home\\src\\api\\v1\\meals\\controllers\\findAllOfMember.js","statementMap":{"0":{"start":{"line":1,"column":22},"end":{"line":1,"column":60}},"1":{"start":{"line":2,"column":17},"end":{"line":2,"column":55}},"2":{"start":{"line":3,"column":22},"end":{"line":3,"column":62}},"3":{"start":{"line":4,"column":34},"end":{"line":4,"column":71}},"4":{"start":{"line":5,"column":20},"end":{"line":5,"column":66}},"5":{"start":{"line":6,"column":21},"end":{"line":6,"column":56}},"6":{"start":{"line":8,"column":25},"end":{"line":50,"column":1}},"7":{"start":{"line":10,"column":17},"end":{"line":10,"column":48}},"8":{"start":{"line":11,"column":18},"end":{"line":11,"column":51}},"9":{"start":{"line":12,"column":21},"end":{"line":12,"column":61}},"10":{"start":{"line":13,"column":19},"end":{"line":13,"column":55}},"11":{"start":{"line":16,"column":26},"end":{"line":16,"column":36}},"12":{"start":{"line":18,"column":4},"end":{"line":49,"column":5}},"13":{"start":{"line":20,"column":22},"end":{"line":25,"column":10}},"14":{"start":{"line":27,"column":8},"end":{"line":29,"column":9}},"15":{"start":{"line":28,"column":12},"end":{"line":28,"column":45}},"16":{"start":{"line":31,"column":21},"end":{"line":31,"column":55}},"17":{"start":{"line":33,"column":27},"end":{"line":33,"column":78}},"18":{"start":{"line":35,"column":27},"end":{"line":35,"column":65}},"19":{"start":{"line":37,"column":22},"end":{"line":37,"column":167}},"20":{"start":{"line":38,"column":25},"end":{"line":44,"column":9}},"21":{"start":{"line":46,"column":8},"end":{"line":46,"column":39}},"22":{"start":{"line":48,"column":8},"end":{"line":48,"column":18}},"23":{"start":{"line":52,"column":0},"end":{"line":52,"column":33}}},"fnMap":{"0":{"name":"(anonymous_0)","decl":{"start":{"line":8,"column":25},"end":{"line":8,"column":26}},"loc":{"start":{"line":8,"column":51},"end":{"line":50,"column":1}},"line":8}},"branchMap":{"0":{"loc":{"start":{"line":10,"column":17},"end":{"line":10,"column":48}},"type":"binary-expr","locations":[{"start":{"line":10,"column":17},"end":{"line":10,"column":31}},{"start":{"line":10,"column":35},"end":{"line":10,"column":48}}],"line":10},"1":{"loc":{"start":{"line":11,"column":18},"end":{"line":11,"column":51}},"type":"binary-expr","locations":[{"start":{"line":11,"column":18},"end":{"line":11,"column":33}},{"start":{"line":11,"column":37},"end":{"line":11,"column":51}}],"line":11},"2":{"loc":{"start":{"line":12,"column":21},"end":{"line":12,"column":61}},"type":"binary-expr","locations":[{"start":{"line":12,"column":21},"end":{"line":12,"column":40}},{"start":{"line":12,"column":44},"end":{"line":12,"column":61}}],"line":12},"3":{"loc":{"start":{"line":13,"column":19},"end":{"line":13,"column":55}},"type":"binary-expr","locations":[{"start":{"line":13,"column":19},"end":{"line":13,"column":36}},{"start":{"line":13,"column":40},"end":{"line":13,"column":55}}],"line":13},"4":{"loc":{"start":{"line":27,"column":8},"end":{"line":29,"column":9}},"type":"if","locations":[{"start":{"line":27,"column":8},"end":{"line":29,"column":9}},{"start":{},"end":{}}],"line":27}},"s":{"0":1,"1":1,"2":1,"3":1,"4":1,"5":1,"6":1,"7":2,"8":2,"9":2,"10":2,"11":2,"12":2,"13":2,"14":2,"15":1,"16":1,"17":1,"18":1,"19":1,"20":1,"21":1,"22":1,"23":1},"f":{"0":2},"b":{"0":[2,0],"1":[2,0],"2":[2,0],"3":[2,0],"4":[1,1]},"_coverageSchema":"1a1c01bbd47fc00a2c39e90264f33305004495a9","hash":"5b4030310ad763f55ef3dc2ae1d4eb6e18c2be98"}
,"F:\\PROGRAM\\Assignment2App\\Bachelor_home\\src\\api\\v1\\meals\\controllers\\findSingle.js": {"path":"F:\\PROGRAM\\Assignment2App\\Bachelor_home\\src\\api\\v1\\meals\\controllers\\findSingle.js","statementMap":{"0":{"start":{"line":2,"column":22},"end":{"line":2,"column":60}},"1":{"start":{"line":3,"column":21},"end":{"line":3,"column":56}},"2":{"start":{"line":5,"column":19},"end":{"line":38,"column":1}},"3":{"start":{"line":6,"column":19},"end":{"line":6,"column":29}},"4":{"start":{"line":7,"column":4},"end":{"line":37,"column":5}},"5":{"start":{"line":10,"column":21},"end":{"line":10,"column":55}},"6":{"start":{"line":12,"column":8},"end":{"line":14,"column":9}},"7":{"start":{"line":13,"column":12},"end":{"line":13,"column":44}},"8":{"start":{"line":15,"column":25},"end":{"line":33,"column":9}},"9":{"start":{"line":34,"column":8},"end":{"line":34,"column":39}},"10":{"start":{"line":36,"column":8},"end":{"line":36,"column":18}},"11":{"start":{"line":40,"column":0},"end":{"line":40,"column":27}}},"fnMap":{"0":{"name":"(anonymous_0)","decl":{"start":{"line":5,"column":19},"end":{"line":5,"column":20}},"loc":{"start":{"line":5,"column":45},"end":{"line":38,"column":1}},"line":5}},"branchMap":{"0":{"loc":{"start":{"line":12,"column":8},"end":{"line":14,"column":9}},"type":"if","locations":[{"start":{"line":12,"column":8},"end":{"line":14,"column":9}},{"start":{},"end":{}}],"line":12}},"s":{"0":1,"1":1,"2":1,"3":2,"4":2,"5":2,"6":1,"7":0,"8":1,"9":1,"10":1,"11":1},"f":{"0":2},"b":{"0":[0,1]},"_coverageSchema":"1a1c01bbd47fc00a2c39e90264f33305004495a9","hash":"8e010e94c7e5b44cf1b4d5b35c69989dfd9a03c7"}
,"F:\\PROGRAM\\Assignment2App\\Bachelor_home\\src\\api\\v1\\meals\\controllers\\remove.js": {"path":"F:\\PROGRAM\\Assignment2App\\Bachelor_home\\src\\api\\v1\\meals\\controllers\\remove.js","statementMap":{"0":{"start":{"line":2,"column":22},"end":{"line":2,"column":60}},"1":{"start":{"line":4,"column":19},"end":{"line":21,"column":1}},"2":{"start":{"line":6,"column":19},"end":{"line":6,"column":29}},"3":{"start":{"line":7,"column":4},"end":{"line":20,"column":5}},"4":{"start":{"line":9,"column":21},"end":{"line":9,"column":51}},"5":{"start":{"line":11,"column":25},"end":{"line":14,"column":9}},"6":{"start":{"line":16,"column":8},"end":{"line":16,"column":39}},"7":{"start":{"line":19,"column":8},"end":{"line":19,"column":18}},"8":{"start":{"line":23,"column":0},"end":{"line":23,"column":27}}},"fnMap":{"0":{"name":"(anonymous_0)","decl":{"start":{"line":4,"column":19},"end":{"line":4,"column":20}},"loc":{"start":{"line":4,"column":45},"end":{"line":21,"column":1}},"line":4}},"branchMap":{},"s":{"0":1,"1":1,"2":2,"3":2,"4":2,"5":1,"6":1,"7":1,"8":1},"f":{"0":2},"b":{},"_coverageSchema":"1a1c01bbd47fc00a2c39e90264f33305004495a9","hash":"fb42ce7a7efaad9d7e46b58a4f5b2525a7cf09de"}
,"F:\\PROGRAM\\Assignment2App\\Bachelor_home\\src\\api\\v1\\meals\\controllers\\update.js": {"path":"F:\\PROGRAM\\Assignment2App\\Bachelor_home\\src\\api\\v1\\meals\\controllers\\update.js","statementMap":{"0":{"start":{"line":1,"column":22},"end":{"line":1,"column":60}},"1":{"start":{"line":3,"column":19},"end":{"line":38,"column":1}},"2":{"start":{"line":5,"column":19},"end":{"line":5,"column":29}},"3":{"start":{"line":6,"column":58},"end":{"line":6,"column":66}},"4":{"start":{"line":9,"column":4},"end":{"line":37,"column":5}},"5":{"start":{"line":10,"column":27},"end":{"line":12,"column":9}},"6":{"start":{"line":13,"column":21},"end":{"line":13,"column":72}},"7":{"start":{"line":15,"column":25},"end":{"line":33,"column":9}},"8":{"start":{"line":34,"column":8},"end":{"line":34,"column":39}},"9":{"start":{"line":36,"column":8},"end":{"line":36,"column":18}},"10":{"start":{"line":40,"column":0},"end":{"line":40,"column":27}}},"fnMap":{"0":{"name":"(anonymous_0)","decl":{"start":{"line":3,"column":19},"end":{"line":3,"column":20}},"loc":{"start":{"line":3,"column":45},"end":{"line":38,"column":1}},"line":3}},"branchMap":{},"s":{"0":1,"1":1,"2":1,"3":1,"4":1,"5":1,"6":1,"7":1,"8":1,"9":0,"10":1},"f":{"0":1},"b":{},"_coverageSchema":"1a1c01bbd47fc00a2c39e90264f33305004495a9","hash":"48e10853e82398511ab16f95f0a5857a8a88998e"}
,"F:\\PROGRAM\\Assignment2App\\Bachelor_home\\src\\api\\v1\\members\\controllers\\findAll.js": {"path":"F:\\PROGRAM\\Assignment2App\\Bachelor_home\\src\\api\\v1\\members\\controllers\\findAll.js","statementMap":{"0":{"start":{"line":2,"column":23},"end":{"line":2,"column":63}},"1":{"start":{"line":3,"column":17},"end":{"line":3,"column":55}},"2":{"start":{"line":4,"column":22},"end":{"line":4,"column":62}},"3":{"start":{"line":5,"column":34},"end":{"line":5,"column":71}},"4":{"start":{"line":6,"column":20},"end":{"line":6,"column":66}},"5":{"start":{"line":7,"column":21},"end":{"line":7,"column":56}},"6":{"start":{"line":8,"column":16},"end":{"line":52,"column":1}},"7":{"start":{"line":10,"column":17},"end":{"line":10,"column":48}},"8":{"start":{"line":11,"column":18},"end":{"line":11,"column":51}},"9":{"start":{"line":12,"column":21},"end":{"line":12,"column":61}},"10":{"start":{"line":13,"column":19},"end":{"line":13,"column":55}},"11":{"start":{"line":14,"column":19},"end":{"line":14,"column":54}},"12":{"start":{"line":16,"column":4},"end":{"line":51,"column":5}},"13":{"start":{"line":18,"column":24},"end":{"line":24,"column":10}},"14":{"start":{"line":25,"column":8},"end":{"line":27,"column":9}},"15":{"start":{"line":26,"column":12},"end":{"line":26,"column":46}},"16":{"start":{"line":30,"column":21},"end":{"line":30,"column":52}},"17":{"start":{"line":32,"column":27},"end":{"line":32,"column":65}},"18":{"start":{"line":34,"column":27},"end":{"line":34,"column":65}},"19":{"start":{"line":37,"column":22},"end":{"line":37,"column":160}},"20":{"start":{"line":39,"column":25},"end":{"line":47,"column":9}},"21":{"start":{"line":48,"column":8},"end":{"line":48,"column":39}},"22":{"start":{"line":50,"column":8},"end":{"line":50,"column":18}},"23":{"start":{"line":54,"column":0},"end":{"line":54,"column":24}}},"fnMap":{"0":{"name":"(anonymous_0)","decl":{"start":{"line":8,"column":16},"end":{"line":8,"column":17}},"loc":{"start":{"line":8,"column":42},"end":{"line":52,"column":1}},"line":8}},"branchMap":{"0":{"loc":{"start":{"line":10,"column":17},"end":{"line":10,"column":48}},"type":"binary-expr","locations":[{"start":{"line":10,"column":17},"end":{"line":10,"column":31}},{"start":{"line":10,"column":35},"end":{"line":10,"column":48}}],"line":10},"1":{"loc":{"start":{"line":11,"column":18},"end":{"line":11,"column":51}},"type":"binary-expr","locations":[{"start":{"line":11,"column":18},"end":{"line":11,"column":33}},{"start":{"line":11,"column":37},"end":{"line":11,"column":51}}],"line":11},"2":{"loc":{"start":{"line":12,"column":21},"end":{"line":12,"column":61}},"type":"binary-expr","locations":[{"start":{"line":12,"column":21},"end":{"line":12,"column":40}},{"start":{"line":12,"column":44},"end":{"line":12,"column":61}}],"line":12},"3":{"loc":{"start":{"line":13,"column":19},"end":{"line":13,"column":55}},"type":"binary-expr","locations":[{"start":{"line":13,"column":19},"end":{"line":13,"column":36}},{"start":{"line":13,"column":40},"end":{"line":13,"column":55}}],"line":13},"4":{"loc":{"start":{"line":14,"column":19},"end":{"line":14,"column":54}},"type":"binary-expr","locations":[{"start":{"line":14,"column":19},"end":{"line":14,"column":35}},{"start":{"line":14,"column":39},"end":{"line":14,"column":54}}],"line":14},"5":{"loc":{"start":{"line":25,"column":8},"end":{"line":27,"column":9}},"type":"if","locations":[{"start":{"line":25,"column":8},"end":{"line":27,"column":9}},{"start":{},"end":{}}],"line":25}},"s":{"0":1,"1":1,"2":1,"3":1,"4":1,"5":1,"6":1,"7":2,"8":2,"9":2,"10":2,"11":2,"12":2,"13":2,"14":2,"15":1,"16":1,"17":1,"18":1,"19":1,"20":1,"21":1,"22":1,"23":1},"f":{"0":2},"b":{"0":[2,0],"1":[2,0],"2":[2,0],"3":[2,0],"4":[2,0],"5":[1,1]},"_coverageSchema":"1a1c01bbd47fc00a2c39e90264f33305004495a9","hash":"375f31cd49a502b88539623ae7cb5fb4511e992e"}
,"F:\\PROGRAM\\Assignment2App\\Bachelor_home\\src\\api\\v1\\members\\controllers\\findSingle.js": {"path":"F:\\PROGRAM\\Assignment2App\\Bachelor_home\\src\\api\\v1\\members\\controllers\\findSingle.js","statementMap":{"0":{"start":{"line":2,"column":23},"end":{"line":2,"column":63}},"1":{"start":{"line":3,"column":21},"end":{"line":3,"column":56}},"2":{"start":{"line":5,"column":19},"end":{"line":34,"column":1}},"3":{"start":{"line":7,"column":19},"end":{"line":7,"column":29}},"4":{"start":{"line":8,"column":4},"end":{"line":33,"column":5}},"5":{"start":{"line":11,"column":23},"end":{"line":11,"column":58}},"6":{"start":{"line":13,"column":8},"end":{"line":15,"column":9}},"7":{"start":{"line":14,"column":12},"end":{"line":14,"column":46}},"8":{"start":{"line":16,"column":25},"end":{"line":29,"column":9}},"9":{"start":{"line":30,"column":8},"end":{"line":30,"column":39}},"10":{"start":{"line":32,"column":8},"end":{"line":32,"column":18}},"11":{"start":{"line":36,"column":0},"end":{"line":36,"column":27}}},"fnMap":{"0":{"name":"(anonymous_0)","decl":{"start":{"line":5,"column":19},"end":{"line":5,"column":20}},"loc":{"start":{"line":5,"column":45},"end":{"line":34,"column":1}},"line":5}},"branchMap":{"0":{"loc":{"start":{"line":13,"column":8},"end":{"line":15,"column":9}},"type":"if","locations":[{"start":{"line":13,"column":8},"end":{"line":15,"column":9}},{"start":{},"end":{}}],"line":13}},"s":{"0":1,"1":1,"2":1,"3":2,"4":2,"5":2,"6":1,"7":0,"8":1,"9":1,"10":1,"11":1},"f":{"0":2},"b":{"0":[0,1]},"_coverageSchema":"1a1c01bbd47fc00a2c39e90264f33305004495a9","hash":"dcb27c19e13c6a9b7f9d8932de2adcdef90b85bb"}
,"F:\\PROGRAM\\Assignment2App\\Bachelor_home\\src\\api\\v1\\members\\controllers\\remove.js": {"path":"F:\\PROGRAM\\Assignment2App\\Bachelor_home\\src\\api\\v1\\members\\controllers\\remove.js","statementMap":{"0":{"start":{"line":1,"column":23},"end":{"line":1,"column":63}},"1":{"start":{"line":2,"column":21},"end":{"line":2,"column":56}},"2":{"start":{"line":4,"column":21},"end":{"line":20,"column":1}},"3":{"start":{"line":6,"column":19},"end":{"line":6,"column":29}},"4":{"start":{"line":7,"column":4},"end":{"line":19,"column":5}},"5":{"start":{"line":9,"column":8},"end":{"line":9,"column":39}},"6":{"start":{"line":11,"column":25},"end":{"line":14,"column":9}},"7":{"start":{"line":16,"column":8},"end":{"line":16,"column":39}},"8":{"start":{"line":18,"column":8},"end":{"line":18,"column":18}},"9":{"start":{"line":22,"column":0},"end":{"line":22,"column":29}}},"fnMap":{"0":{"name":"(anonymous_0)","decl":{"start":{"line":4,"column":21},"end":{"line":4,"column":22}},"loc":{"start":{"line":4,"column":47},"end":{"line":20,"column":1}},"line":4}},"branchMap":{},"s":{"0":1,"1":1,"2":1,"3":2,"4":2,"5":2,"6":1,"7":1,"8":1,"9":1},"f":{"0":2},"b":{},"_coverageSchema":"1a1c01bbd47fc00a2c39e90264f33305004495a9","hash":"55ffa4636504d91cebfae80ceabeb90c0b7e25d7"}
,"F:\\PROGRAM\\Assignment2App\\Bachelor_home\\src\\api\\v1\\members\\controllers\\update.js": {"path":"F:\\PROGRAM\\Assignment2App\\Bachelor_home\\src\\api\\v1\\members\\controllers\\update.js","statementMap":{"0":{"start":{"line":1,"column":23},"end":{"line":1,"column":63}},"1":{"start":{"line":3,"column":21},"end":{"line":32,"column":1}},"2":{"start":{"line":5,"column":19},"end":{"line":5,"column":29}},"3":{"start":{"line":6,"column":17},"end":{"line":6,"column":30}},"4":{"start":{"line":7,"column":18},"end":{"line":7,"column":32}},"5":{"start":{"line":8,"column":23},"end":{"line":8,"column":38}},"6":{"start":{"line":9,"column":4},"end":{"line":31,"column":5}},"7":{"start":{"line":11,"column":29},"end":{"line":11,"column":72}},"8":{"start":{"line":13,"column":25},"end":{"line":27,"column":9}},"9":{"start":{"line":28,"column":8},"end":{"line":28,"column":39}},"10":{"start":{"line":30,"column":8},"end":{"line":30,"column":18}},"11":{"start":{"line":34,"column":0},"end":{"line":34,"column":29}}},"fnMap":{"0":{"name":"(anonymous_0)","decl":{"start":{"line":3,"column":21},"end":{"line":3,"column":22}},"loc":{"start":{"line":3,"column":47},"end":{"line":32,"column":1}},"line":3}},"branchMap":{},"s":{"0":1,"1":1,"2":1,"3":1,"4":1,"5":1,"6":1,"7":1,"8":1,"9":1,"10":0,"11":1},"f":{"0":1},"b":{},"_coverageSchema":"1a1c01bbd47fc00a2c39e90264f33305004495a9","hash":"e4828997f3ca39afdaefab98611fcb6253d12c5a"}
,"F:\\PROGRAM\\Assignment2App\\Bachelor_home\\src\\api\\v1\\notices\\controllers\\create.js": {"path":"F:\\PROGRAM\\Assignment2App\\Bachelor_home\\src\\api\\v1\\notices\\controllers\\create.js","statementMap":{"0":{"start":{"line":3,"column":24},"end":{"line":3,"column":64}},"1":{"start":{"line":6,"column":15},"end":{"line":35,"column":1}},"2":{"start":{"line":7,"column":28},"end":{"line":7,"column":36}},"3":{"start":{"line":10,"column":4},"end":{"line":34,"column":5}},"4":{"start":{"line":11,"column":23},"end":{"line":11,"column":68}},"5":{"start":{"line":13,"column":25},"end":{"line":29,"column":9}},"6":{"start":{"line":31,"column":8},"end":{"line":31,"column":39}},"7":{"start":{"line":33,"column":8},"end":{"line":33,"column":18}},"8":{"start":{"line":37,"column":0},"end":{"line":37,"column":23}}},"fnMap":{"0":{"name":"(anonymous_0)","decl":{"start":{"line":6,"column":15},"end":{"line":6,"column":16}},"loc":{"start":{"line":6,"column":41},"end":{"line":35,"column":1}},"line":6}},"branchMap":{},"s":{"0":1,"1":1,"2":2,"3":2,"4":2,"5":1,"6":1,"7":1,"8":1},"f":{"0":2},"b":{},"_coverageSchema":"1a1c01bbd47fc00a2c39e90264f33305004495a9","hash":"e3429864127c7cc25b62b5d0d26077fd5d940eb2"}
,"F:\\PROGRAM\\Assignment2App\\Bachelor_home\\src\\api\\v1\\notices\\controllers\\findAll.js": {"path":"F:\\PROGRAM\\Assignment2App\\Bachelor_home\\src\\api\\v1\\notices\\controllers\\findAll.js","statementMap":{"0":{"start":{"line":1,"column":24},"end":{"line":1,"column":64}},"1":{"start":{"line":2,"column":17},"end":{"line":2,"column":55}},"2":{"start":{"line":3,"column":22},"end":{"line":3,"column":62}},"3":{"start":{"line":4,"column":34},"end":{"line":4,"column":71}},"4":{"start":{"line":5,"column":20},"end":{"line":5,"column":66}},"5":{"start":{"line":6,"column":21},"end":{"line":6,"column":56}},"6":{"start":{"line":8,"column":16},"end":{"line":53,"column":1}},"7":{"start":{"line":11,"column":17},"end":{"line":11,"column":48}},"8":{"start":{"line":12,"column":18},"end":{"line":12,"column":51}},"9":{"start":{"line":13,"column":21},"end":{"line":13,"column":61}},"10":{"start":{"line":14,"column":19},"end":{"line":14,"column":55}},"11":{"start":{"line":15,"column":19},"end":{"line":15,"column":54}},"12":{"start":{"line":17,"column":4},"end":{"line":52,"column":5}},"13":{"start":{"line":19,"column":24},"end":{"line":25,"column":10}},"14":{"start":{"line":26,"column":8},"end":{"line":28,"column":9}},"15":{"start":{"line":27,"column":12},"end":{"line":27,"column":46}},"16":{"start":{"line":31,"column":21},"end":{"line":31,"column":59}},"17":{"start":{"line":33,"column":27},"end":{"line":33,"column":66}},"18":{"start":{"line":35,"column":27},"end":{"line":35,"column":65}},"19":{"start":{"line":38,"column":22},"end":{"line":38,"column":167}},"20":{"start":{"line":41,"column":25},"end":{"line":47,"column":9}},"21":{"start":{"line":49,"column":8},"end":{"line":49,"column":39}},"22":{"start":{"line":51,"column":8},"end":{"line":51,"column":18}},"23":{"start":{"line":55,"column":0},"end":{"line":55,"column":24}}},"fnMap":{"0":{"name":"(anonymous_0)","decl":{"start":{"line":8,"column":16},"end":{"line":8,"column":17}},"loc":{"start":{"line":8,"column":42},"end":{"line":53,"column":1}},"line":8}},"branchMap":{"0":{"loc":{"start":{"line":11,"column":17},"end":{"line":11,"column":48}},"type":"binary-expr","locations":[{"start":{"line":11,"column":17},"end":{"line":11,"column":31}},{"start":{"line":11,"column":35},"end":{"line":11,"column":48}}],"line":11},"1":{"loc":{"start":{"line":12,"column":18},"end":{"line":12,"column":51}},"type":"binary-expr","locations":[{"start":{"line":12,"column":18},"end":{"line":12,"column":33}},{"start":{"line":12,"column":37},"end":{"line":12,"column":51}}],"line":12},"2":{"loc":{"start":{"line":13,"column":21},"end":{"line":13,"column":61}},"type":"binary-expr","locations":[{"start":{"line":13,"column":21},"end":{"line":13,"column":40}},{"start":{"line":13,"column":44},"end":{"line":13,"column":61}}],"line":13},"3":{"loc":{"start":{"line":14,"column":19},"end":{"line":14,"column":55}},"type":"binary-expr","locations":[{"start":{"line":14,"column":19},"end":{"line":14,"column":36}},{"start":{"line":14,"column":40},"end":{"line":14,"column":55}}],"line":14},"4":{"loc":{"start":{"line":15,"column":19},"end":{"line":15,"column":54}},"type":"binary-expr","locations":[{"start":{"line":15,"column":19},"end":{"line":15,"column":35}},{"start":{"line":15,"column":39},"end":{"line":15,"column":54}}],"line":15},"5":{"loc":{"start":{"line":26,"column":8},"end":{"line":28,"column":9}},"type":"if","locations":[{"start":{"line":26,"column":8},"end":{"line":28,"column":9}},{"start":{},"end":{}}],"line":26}},"s":{"0":1,"1":1,"2":1,"3":1,"4":1,"5":1,"6":1,"7":2,"8":2,"9":2,"10":2,"11":2,"12":2,"13":2,"14":2,"15":1,"16":1,"17":1,"18":1,"19":1,"20":1,"21":1,"22":1,"23":1},"f":{"0":2},"b":{"0":[2,0],"1":[2,0],"2":[2,0],"3":[2,0],"4":[2,0],"5":[1,1]},"_coverageSchema":"1a1c01bbd47fc00a2c39e90264f33305004495a9","hash":"244250688521db4fa19d8c26d1f8ca7e8e708fe2"}
,"F:\\PROGRAM\\Assignment2App\\Bachelor_home\\src\\api\\v1\\notices\\controllers\\findSingle.js": {"path":"F:\\PROGRAM\\Assignment2App\\Bachelor_home\\src\\api\\v1\\notices\\controllers\\findSingle.js","statementMap":{"0":{"start":{"line":1,"column":24},"end":{"line":1,"column":64}},"1":{"start":{"line":2,"column":21},"end":{"line":2,"column":56}},"2":{"start":{"line":4,"column":19},"end":{"line":37,"column":1}},"3":{"start":{"line":6,"column":19},"end":{"line":6,"column":29}},"4":{"start":{"line":8,"column":4},"end":{"line":36,"column":5}},"5":{"start":{"line":9,"column":23},"end":{"line":9,"column":59}},"6":{"start":{"line":11,"column":8},"end":{"line":13,"column":9}},"7":{"start":{"line":12,"column":12},"end":{"line":12,"column":46}},"8":{"start":{"line":15,"column":25},"end":{"line":31,"column":9}},"9":{"start":{"line":33,"column":8},"end":{"line":33,"column":39}},"10":{"start":{"line":35,"column":8},"end":{"line":35,"column":18}},"11":{"start":{"line":39,"column":0},"end":{"line":39,"column":27}}},"fnMap":{"0":{"name":"(anonymous_0)","decl":{"start":{"line":4,"column":19},"end":{"line":4,"column":20}},"loc":{"start":{"line":4,"column":45},"end":{"line":37,"column":1}},"line":4}},"branchMap":{"0":{"loc":{"start":{"line":11,"column":8},"end":{"line":13,"column":9}},"type":"if","locations":[{"start":{"line":11,"column":8},"end":{"line":13,"column":9}},{"start":{},"end":{}}],"line":11}},"s":{"0":1,"1":1,"2":1,"3":2,"4":2,"5":2,"6":1,"7":0,"8":1,"9":1,"10":1,"11":1},"f":{"0":2},"b":{"0":[0,1]},"_coverageSchema":"1a1c01bbd47fc00a2c39e90264f33305004495a9","hash":"809f31c2fb992cd9114e193791b7e7418c0d4b66"}
,"F:\\PROGRAM\\Assignment2App\\Bachelor_home\\src\\api\\v1\\notices\\controllers\\remove.js": {"path":"F:\\PROGRAM\\Assignment2App\\Bachelor_home\\src\\api\\v1\\notices\\controllers\\remove.js","statementMap":{"0":{"start":{"line":1,"column":24},"end":{"line":1,"column":64}},"1":{"start":{"line":3,"column":22},"end":{"line":22,"column":1}},"2":{"start":{"line":5,"column":19},"end":{"line":5,"column":29}},"3":{"start":{"line":8,"column":4},"end":{"line":21,"column":5}},"4":{"start":{"line":9,"column":23},"end":{"line":9,"column":55}},"5":{"start":{"line":10,"column":8},"end":{"line":18,"column":9}},"6":{"start":{"line":12,"column":29},"end":{"line":15,"column":13}},"7":{"start":{"line":17,"column":12},"end":{"line":17,"column":43}},"8":{"start":{"line":20,"column":8},"end":{"line":20,"column":18}},"9":{"start":{"line":24,"column":0},"end":{"line":24,"column":30}}},"fnMap":{"0":{"name":"(anonymous_0)","decl":{"start":{"line":3,"column":22},"end":{"line":3,"column":23}},"loc":{"start":{"line":3,"column":48},"end":{"line":22,"column":1}},"line":3}},"branchMap":{"0":{"loc":{"start":{"line":10,"column":8},"end":{"line":18,"column":9}},"type":"if","locations":[{"start":{"line":10,"column":8},"end":{"line":18,"column":9}},{"start":{},"end":{}}],"line":10}},"s":{"0":1,"1":1,"2":2,"3":2,"4":2,"5":1,"6":1,"7":1,"8":1,"9":1},"f":{"0":2},"b":{"0":[1,0]},"_coverageSchema":"1a1c01bbd47fc00a2c39e90264f33305004495a9","hash":"ec9b602d24cebb94bd2fbe1dd193a3f99f2f7b8f"}
,"F:\\PROGRAM\\Assignment2App\\Bachelor_home\\src\\api\\v1\\notices\\controllers\\update.js": {"path":"F:\\PROGRAM\\Assignment2App\\Bachelor_home\\src\\api\\v1\\notices\\controllers\\update.js","statementMap":{"0":{"start":{"line":1,"column":24},"end":{"line":1,"column":64}},"1":{"start":{"line":3,"column":22},"end":{"line":35,"column":1}},"2":{"start":{"line":4,"column":28},"end":{"line":4,"column":36}},"3":{"start":{"line":5,"column":19},"end":{"line":5,"column":29}},"4":{"start":{"line":8,"column":4},"end":{"line":34,"column":5}},"5":{"start":{"line":9,"column":27},"end":{"line":11,"column":9}},"6":{"start":{"line":12,"column":23},"end":{"line":12,"column":67}},"7":{"start":{"line":14,"column":25},"end":{"line":29,"column":9}},"8":{"start":{"line":31,"column":8},"end":{"line":31,"column":39}},"9":{"start":{"line":33,"column":8},"end":{"line":33,"column":18}},"10":{"start":{"line":37,"column":0},"end":{"line":37,"column":30}}},"fnMap":{"0":{"name":"(anonymous_0)","decl":{"start":{"line":3,"column":22},"end":{"line":3,"column":23}},"loc":{"start":{"line":3,"column":48},"end":{"line":35,"column":1}},"line":3}},"branchMap":{},"s":{"0":1,"1":1,"2":1,"3":1,"4":1,"5":1,"6":1,"7":1,"8":1,"9":0,"10":1},"f":{"0":1},"b":{},"_coverageSchema":"1a1c01bbd47fc00a2c39e90264f33305004495a9","hash":"16a1c28308ca1138288852c38076ed48d36840b8"}
,"F:\\PROGRAM\\Assignment2App\\Bachelor_home\\src\\api\\v1\\products\\controllers\\create.js": {"path":"F:\\PROGRAM\\Assignment2App\\Bachelor_home\\src\\api\\v1\\products\\controllers\\create.js","statementMap":{"0":{"start":{"line":3,"column":25},"end":{"line":3,"column":66}},"1":{"start":{"line":5,"column":15},"end":{"line":36,"column":1}},"2":{"start":{"line":7,"column":41},"end":{"line":7,"column":49}},"3":{"start":{"line":10,"column":4},"end":{"line":35,"column":5}},"4":{"start":{"line":11,"column":24},"end":{"line":11,"column":83}},"5":{"start":{"line":13,"column":25},"end":{"line":30,"column":9}},"6":{"start":{"line":32,"column":8},"end":{"line":32,"column":39}},"7":{"start":{"line":34,"column":8},"end":{"line":34,"column":18}},"8":{"start":{"line":38,"column":0},"end":{"line":38,"column":23}}},"fnMap":{"0":{"name":"(anonymous_0)","decl":{"start":{"line":5,"column":15},"end":{"line":5,"column":16}},"loc":{"start":{"line":5,"column":41},"end":{"line":36,"column":1}},"line":5}},"branchMap":{},"s":{"0":1,"1":1,"2":2,"3":2,"4":2,"5":1,"6":1,"7":1,"8":1},"f":{"0":2},"b":{},"_coverageSchema":"1a1c01bbd47fc00a2c39e90264f33305004495a9","hash":"8cb8c209007e7643ba10b8303286adc67126f49c"}
,"F:\\PROGRAM\\Assignment2App\\Bachelor_home\\src\\api\\v1\\products\\controllers\\findAll.js": {"path":"F:\\PROGRAM\\Assignment2App\\Bachelor_home\\src\\api\\v1\\products\\controllers\\findAll.js","statementMap":{"0":{"start":{"line":2,"column":25},"end":{"line":2,"column":66}},"1":{"start":{"line":3,"column":17},"end":{"line":3,"column":55}},"2":{"start":{"line":4,"column":22},"end":{"line":4,"column":62}},"3":{"start":{"line":5,"column":34},"end":{"line":5,"column":71}},"4":{"start":{"line":6,"column":20},"end":{"line":6,"column":66}},"5":{"start":{"line":7,"column":21},"end":{"line":7,"column":56}},"6":{"start":{"line":9,"column":16},"end":{"line":53,"column":1}},"7":{"start":{"line":11,"column":17},"end":{"line":11,"column":48}},"8":{"start":{"line":12,"column":18},"end":{"line":12,"column":51}},"9":{"start":{"line":13,"column":21},"end":{"line":13,"column":61}},"10":{"start":{"line":14,"column":19},"end":{"line":14,"column":55}},"11":{"start":{"line":15,"column":19},"end":{"line":15,"column":54}},"12":{"start":{"line":17,"column":4},"end":{"line":52,"column":5}},"13":{"start":{"line":19,"column":25},"end":{"line":25,"column":10}},"14":{"start":{"line":27,"column":8},"end":{"line":29,"column":9}},"15":{"start":{"line":28,"column":12},"end":{"line":28,"column":47}},"16":{"start":{"line":31,"column":21},"end":{"line":31,"column":61}},"17":{"start":{"line":33,"column":27},"end":{"line":33,"column":67}},"18":{"start":{"line":35,"column":27},"end":{"line":35,"column":65}},"19":{"start":{"line":38,"column":22},"end":{"line":38,"column":167}},"20":{"start":{"line":41,"column":25},"end":{"line":47,"column":9}},"21":{"start":{"line":49,"column":8},"end":{"line":49,"column":39}},"22":{"start":{"line":51,"column":8},"end":{"line":51,"column":18}},"23":{"start":{"line":55,"column":0},"end":{"line":55,"column":24}}},"fnMap":{"0":{"name":"(anonymous_0)","decl":{"start":{"line":9,"column":16},"end":{"line":9,"column":17}},"loc":{"start":{"line":9,"column":42},"end":{"line":53,"column":1}},"line":9}},"branchMap":{"0":{"loc":{"start":{"line":11,"column":17},"end":{"line":11,"column":48}},"type":"binary-expr","locations":[{"start":{"line":11,"column":17},"end":{"line":11,"column":31}},{"start":{"line":11,"column":35},"end":{"line":11,"column":48}}],"line":11},"1":{"loc":{"start":{"line":12,"column":18},"end":{"line":12,"column":51}},"type":"binary-expr","locations":[{"start":{"line":12,"column":18},"end":{"line":12,"column":33}},{"start":{"line":12,"column":37},"end":{"line":12,"column":51}}],"line":12},"2":{"loc":{"start":{"line":13,"column":21},"end":{"line":13,"column":61}},"type":"binary-expr","locations":[{"start":{"line":13,"column":21},"end":{"line":13,"column":40}},{"start":{"line":13,"column":44},"end":{"line":13,"column":61}}],"line":13},"3":{"loc":{"start":{"line":14,"column":19},"end":{"line":14,"column":55}},"type":"binary-expr","locations":[{"start":{"line":14,"column":19},"end":{"line":14,"column":36}},{"start":{"line":14,"column":40},"end":{"line":14,"column":55}}],"line":14},"4":{"loc":{"start":{"line":15,"column":19},"end":{"line":15,"column":54}},"type":"binary-expr","locations":[{"start":{"line":15,"column":19},"end":{"line":15,"column":35}},{"start":{"line":15,"column":39},"end":{"line":15,"column":54}}],"line":15},"5":{"loc":{"start":{"line":27,"column":8},"end":{"line":29,"column":9}},"type":"if","locations":[{"start":{"line":27,"column":8},"end":{"line":29,"column":9}},{"start":{},"end":{}}],"line":27}},"s":{"0":1,"1":1,"2":1,"3":1,"4":1,"5":1,"6":1,"7":2,"8":2,"9":2,"10":2,"11":2,"12":2,"13":2,"14":2,"15":1,"16":1,"17":1,"18":1,"19":1,"20":1,"21":1,"22":1,"23":1},"f":{"0":2},"b":{"0":[2,0],"1":[2,0],"2":[2,0],"3":[2,0],"4":[2,0],"5":[1,1]},"_coverageSchema":"1a1c01bbd47fc00a2c39e90264f33305004495a9","hash":"065e4902b1c578f23adfd12a05e321b323df6fd8"}
,"F:\\PROGRAM\\Assignment2App\\Bachelor_home\\src\\api\\v1\\products\\controllers\\findSingle.js": {"path":"F:\\PROGRAM\\Assignment2App\\Bachelor_home\\src\\api\\v1\\products\\controllers\\findSingle.js","statementMap":{"0":{"start":{"line":2,"column":25},"end":{"line":2,"column":66}},"1":{"start":{"line":3,"column":21},"end":{"line":3,"column":56}},"2":{"start":{"line":5,"column":19},"end":{"line":38,"column":1}},"3":{"start":{"line":7,"column":19},"end":{"line":7,"column":29}},"4":{"start":{"line":9,"column":4},"end":{"line":37,"column":5}},"5":{"start":{"line":10,"column":24},"end":{"line":10,"column":61}},"6":{"start":{"line":12,"column":8},"end":{"line":14,"column":9}},"7":{"start":{"line":13,"column":12},"end":{"line":13,"column":47}},"8":{"start":{"line":16,"column":25},"end":{"line":32,"column":9}},"9":{"start":{"line":34,"column":8},"end":{"line":34,"column":39}},"10":{"start":{"line":36,"column":8},"end":{"line":36,"column":18}},"11":{"start":{"line":40,"column":0},"end":{"line":40,"column":27}}},"fnMap":{"0":{"name":"(anonymous_0)","decl":{"start":{"line":5,"column":19},"end":{"line":5,"column":20}},"loc":{"start":{"line":5,"column":45},"end":{"line":38,"column":1}},"line":5}},"branchMap":{"0":{"loc":{"start":{"line":12,"column":8},"end":{"line":14,"column":9}},"type":"if","locations":[{"start":{"line":12,"column":8},"end":{"line":14,"column":9}},{"start":{},"end":{}}],"line":12}},"s":{"0":1,"1":1,"2":1,"3":2,"4":2,"5":2,"6":1,"7":0,"8":1,"9":1,"10":1,"11":1},"f":{"0":2},"b":{"0":[0,1]},"_coverageSchema":"1a1c01bbd47fc00a2c39e90264f33305004495a9","hash":"23cf30392d2c80e2087e108864816bcc55e66879"}
,"F:\\PROGRAM\\Assignment2App\\Bachelor_home\\src\\api\\v1\\products\\controllers\\remove.js": {"path":"F:\\PROGRAM\\Assignment2App\\Bachelor_home\\src\\api\\v1\\products\\controllers\\remove.js","statementMap":{"0":{"start":{"line":2,"column":25},"end":{"line":2,"column":66}},"1":{"start":{"line":4,"column":23},"end":{"line":23,"column":1}},"2":{"start":{"line":6,"column":19},"end":{"line":6,"column":29}},"3":{"start":{"line":8,"column":4},"end":{"line":22,"column":5}},"4":{"start":{"line":10,"column":24},"end":{"line":10,"column":57}},"5":{"start":{"line":11,"column":8},"end":{"line":19,"column":9}},"6":{"start":{"line":13,"column":29},"end":{"line":16,"column":13}},"7":{"start":{"line":18,"column":12},"end":{"line":18,"column":43}},"8":{"start":{"line":21,"column":8},"end":{"line":21,"column":18}},"9":{"start":{"line":25,"column":0},"end":{"line":25,"column":31}}},"fnMap":{"0":{"name":"(anonymous_0)","decl":{"start":{"line":4,"column":23},"end":{"line":4,"column":24}},"loc":{"start":{"line":4,"column":49},"end":{"line":23,"column":1}},"line":4}},"branchMap":{"0":{"loc":{"start":{"line":11,"column":8},"end":{"line":19,"column":9}},"type":"if","locations":[{"start":{"line":11,"column":8},"end":{"line":19,"column":9}},{"start":{},"end":{}}],"line":11}},"s":{"0":1,"1":1,"2":2,"3":2,"4":2,"5":1,"6":1,"7":1,"8":1,"9":1},"f":{"0":2},"b":{"0":[1,0]},"_coverageSchema":"1a1c01bbd47fc00a2c39e90264f33305004495a9","hash":"2b27b054ab82d13e6fa578f2a709b6d0f195bd51"}
,"F:\\PROGRAM\\Assignment2App\\Bachelor_home\\src\\api\\v1\\products\\controllers\\update.js": {"path":"F:\\PROGRAM\\Assignment2App\\Bachelor_home\\src\\api\\v1\\products\\controllers\\update.js","statementMap":{"0":{"start":{"line":2,"column":25},"end":{"line":2,"column":66}},"1":{"start":{"line":3,"column":23},"end":{"line":25,"column":1}},"2":{"start":{"line":5,"column":19},"end":{"line":5,"column":29}},"3":{"start":{"line":6,"column":41},"end":{"line":6,"column":49}},"4":{"start":{"line":9,"column":4},"end":{"line":24,"column":5}},"5":{"start":{"line":10,"column":27},"end":{"line":12,"column":9}},"6":{"start":{"line":13,"column":24},"end":{"line":13,"column":69}},"7":{"start":{"line":15,"column":25},"end":{"line":19,"column":9}},"8":{"start":{"line":21,"column":8},"end":{"line":21,"column":39}},"9":{"start":{"line":23,"column":8},"end":{"line":23,"column":18}},"10":{"start":{"line":27,"column":0},"end":{"line":27,"column":31}}},"fnMap":{"0":{"name":"(anonymous_0)","decl":{"start":{"line":3,"column":23},"end":{"line":3,"column":24}},"loc":{"start":{"line":3,"column":49},"end":{"line":25,"column":1}},"line":3}},"branchMap":{},"s":{"0":1,"1":1,"2":1,"3":1,"4":1,"5":1,"6":1,"7":1,"8":1,"9":0,"10":1},"f":{"0":1},"b":{},"_coverageSchema":"1a1c01bbd47fc00a2c39e90264f33305004495a9","hash":"fc1f8ffa5d93f824856daed11a8ba555387fe851"}
,"F:\\PROGRAM\\Assignment2App\\Bachelor_home\\src\\api\\v1\\reports\\controllers\\homeReports.js": {"path":"F:\\PROGRAM\\Assignment2App\\Bachelor_home\\src\\api\\v1\\reports\\controllers\\homeReports.js","statementMap":{"0":{"start":{"line":2,"column":24},"end":{"line":2,"column":64}},"1":{"start":{"line":3,"column":21},"end":{"line":3,"column":56}},"2":{"start":{"line":4,"column":17},"end":{"line":4,"column":55}},"3":{"start":{"line":5,"column":20},"end":{"line":5,"column":66}},"4":{"start":{"line":8,"column":20},"end":{"line":55,"column":1}},"5":{"start":{"line":10,"column":18},"end":{"line":10,"column":51}},"6":{"start":{"line":11,"column":17},"end":{"line":11,"column":48}},"7":{"start":{"line":13,"column":4},"end":{"line":54,"column":5}},"8":{"start":{"line":17,"column":25},"end":{"line":17,"column":72}},"9":{"start":{"line":25,"column":12},"end":{"line":25,"column":49}},"10":{"start":{"line":31,"column":12},"end":{"line":31,"column":66}},"11":{"start":{"line":32,"column":25},"end":{"line":49,"column":9}},"12":{"start":{"line":51,"column":8},"end":{"line":51,"column":39}},"13":{"start":{"line":53,"column":8},"end":{"line":53,"column":18}},"14":{"start":{"line":57,"column":0},"end":{"line":57,"column":28}}},"fnMap":{"0":{"name":"(anonymous_0)","decl":{"start":{"line":8,"column":20},"end":{"line":8,"column":21}},"loc":{"start":{"line":8,"column":46},"end":{"line":55,"column":1}},"line":8}},"branchMap":{"0":{"loc":{"start":{"line":10,"column":18},"end":{"line":10,"column":51}},"type":"binary-expr","locations":[{"start":{"line":10,"column":18},"end":{"line":10,"column":33}},{"start":{"line":10,"column":37},"end":{"line":10,"column":51}}],"line":10},"1":{"loc":{"start":{"line":11,"column":17},"end":{"line":11,"column":48}},"type":"binary-expr","locations":[{"start":{"line":11,"column":17},"end":{"line":11,"column":31}},{"start":{"line":11,"column":35},"end":{"line":11,"column":48}}],"line":11}},"s":{"0":1,"1":1,"2":1,"3":1,"4":1,"5":2,"6":2,"7":2,"8":2,"9":1,"10":1,"11":1,"12":1,"13":1,"14":1},"f":{"0":2},"b":{"0":[2,0],"1":[2,0]},"_coverageSchema":"1a1c01bbd47fc00a2c39e90264f33305004495a9","hash":"361cc79f4b476ed586ac0df8918ce2bf0b9cf0f7"}
,"F:\\PROGRAM\\Assignment2App\\Bachelor_home\\src\\api\\v1\\reports\\controllers\\singleMemberReport.js": {"path":"F:\\PROGRAM\\Assignment2App\\Bachelor_home\\src\\api\\v1\\reports\\controllers\\singleMemberReport.js","statementMap":{"0":{"start":{"line":1,"column":24},"end":{"line":1,"column":64}},"1":{"start":{"line":2,"column":21},"end":{"line":2,"column":56}},"2":{"start":{"line":3,"column":17},"end":{"line":3,"column":55}},"3":{"start":{"line":5,"column":22},"end":{"line":5,"column":62}},"4":{"start":{"line":6,"column":34},"end":{"line":6,"column":71}},"5":{"start":{"line":7,"column":20},"end":{"line":7,"column":66}},"6":{"start":{"line":9,"column":27},"end":{"line":46,"column":1}},"7":{"start":{"line":11,"column":26},"end":{"line":11,"column":36}},"8":{"start":{"line":12,"column":18},"end":{"line":12,"column":51}},"9":{"start":{"line":13,"column":17},"end":{"line":13,"column":48}},"10":{"start":{"line":15,"column":4},"end":{"line":45,"column":5}},"11":{"start":{"line":20,"column":28},"end":{"line":20,"column":92}},"12":{"start":{"line":22,"column":30},"end":{"line":22,"column":67}},"13":{"start":{"line":23,"column":32},"end":{"line":23,"column":116}},"14":{"start":{"line":25,"column":25},"end":{"line":40,"column":9}},"15":{"start":{"line":42,"column":8},"end":{"line":42,"column":39}},"16":{"start":{"line":44,"column":8},"end":{"line":44,"column":18}},"17":{"start":{"line":48,"column":0},"end":{"line":48,"column":35}}},"fnMap":{"0":{"name":"(anonymous_0)","decl":{"start":{"line":9,"column":27},"end":{"line":9,"column":28}},"loc":{"start":{"line":9,"column":53},"end":{"line":46,"column":1}},"line":9}},"branchMap":{"0":{"loc":{"start":{"line":12,"column":18},"end":{"line":12,"column":51}},"type":"binary-expr","locations":[{"start":{"line":12,"column":18},"end":{"line":12,"column":33}},{"start":{"line":12,"column":37},"end":{"line":12,"column":51}}],"line":12},"1":{"loc":{"start":{"line":13,"column":17},"end":{"line":13,"column":48}},"type":"binary-expr","locations":[{"start":{"line":13,"column":17},"end":{"line":13,"column":31}},{"start":{"line":13,"column":35},"end":{"line":13,"column":48}}],"line":13}},"s":{"0":1,"1":1,"2":1,"3":1,"4":1,"5":1,"6":1,"7":2,"8":2,"9":2,"10":2,"11":2,"12":1,"13":1,"14":1,"15":1,"16":1,"17":1},"f":{"0":2},"b":{"0":[2,0],"1":[2,0]},"_coverageSchema":"1a1c01bbd47fc00a2c39e90264f33305004495a9","hash":"503470ed55cd2a2b7d2c333b31e083469208efcc"}
,"F:\\PROGRAM\\Assignment2App\\Bachelor_home\\src\\api\\v1\\token\\controllers\\tokenGenerate.js": {"path":"F:\\PROGRAM\\Assignment2App\\Bachelor_home\\src\\api\\v1\\token\\controllers\\tokenGenerate.js","statementMap":{"0":{"start":{"line":2,"column":0},"end":{"line":2,"column":26}},"1":{"start":{"line":4,"column":21},"end":{"line":4,"column":59}},"2":{"start":{"line":5,"column":32},"end":{"line":5,"column":67}},"3":{"start":{"line":6,"column":28},"end":{"line":41,"column":1}},"4":{"start":{"line":8,"column":30},"end":{"line":8,"column":38}},"5":{"start":{"line":10,"column":4},"end":{"line":40,"column":5}},"6":{"start":{"line":12,"column":24},"end":{"line":12,"column":116}},"7":{"start":{"line":15,"column":31},"end":{"line":15,"column":81}},"8":{"start":{"line":16,"column":24},"end":{"line":21,"column":9}},"9":{"start":{"line":22,"column":31},"end":{"line":22,"column":120}},"10":{"start":{"line":23,"column":32},"end":{"line":23,"column":122}},"11":{"start":{"line":25,"column":25},"end":{"line":35,"column":9}},"12":{"start":{"line":37,"column":8},"end":{"line":37,"column":39}},"13":{"start":{"line":39,"column":8},"end":{"line":39,"column":18}},"14":{"start":{"line":43,"column":0},"end":{"line":43,"column":37}}},"fnMap":{"0":{"name":"(anonymous_0)","decl":{"start":{"line":6,"column":28},"end":{"line":6,"column":29}},"loc":{"start":{"line":6,"column":54},"end":{"line":41,"column":1}},"line":6}},"branchMap":{},"s":{"0":1,"1":1,"2":1,"3":1,"4":2,"5":2,"6":2,"7":1,"8":1,"9":1,"10":1,"11":1,"12":1,"13":1,"14":1},"f":{"0":2},"b":{},"_coverageSchema":"1a1c01bbd47fc00a2c39e90264f33305004495a9","hash":"840679fee5813a3e7f5a1c87659c4b118d6f362a"}
,"F:\\PROGRAM\\Assignment2App\\Bachelor_home\\src\\api\\v1\\transections\\controllers\\create.js": {"path":"F:\\PROGRAM\\Assignment2App\\Bachelor_home\\src\\api\\v1\\transections\\controllers\\create.js","statementMap":{"0":{"start":{"line":2,"column":25},"end":{"line":2,"column":70}},"1":{"start":{"line":4,"column":17},"end":{"line":29,"column":1}},"2":{"start":{"line":5,"column":26},"end":{"line":5,"column":36}},"3":{"start":{"line":6,"column":31},"end":{"line":6,"column":39}},"4":{"start":{"line":8,"column":4},"end":{"line":28,"column":5}},"5":{"start":{"line":10,"column":25},"end":{"line":10,"column":83}},"6":{"start":{"line":12,"column":25},"end":{"line":23,"column":9}},"7":{"start":{"line":25,"column":8},"end":{"line":25,"column":39}},"8":{"start":{"line":27,"column":8},"end":{"line":27,"column":18}},"9":{"start":{"line":31,"column":0},"end":{"line":31,"column":25}}},"fnMap":{"0":{"name":"(anonymous_0)","decl":{"start":{"line":4,"column":17},"end":{"line":4,"column":18}},"loc":{"start":{"line":4,"column":43},"end":{"line":29,"column":1}},"line":4}},"branchMap":{},"s":{"0":1,"1":1,"2":2,"3":2,"4":2,"5":2,"6":1,"7":1,"8":1,"9":1},"f":{"0":2},"b":{},"_coverageSchema":"1a1c01bbd47fc00a2c39e90264f33305004495a9","hash":"04aa8ee7db64eee8df574473a96cef8f63219e6e"}
,"F:\\PROGRAM\\Assignment2App\\Bachelor_home\\src\\api\\v1\\transections\\controllers\\findAllOfMember.js": {"path":"F:\\PROGRAM\\Assignment2App\\Bachelor_home\\src\\api\\v1\\transections\\controllers\\findAllOfMember.js","statementMap":{"0":{"start":{"line":3,"column":25},"end":{"line":3,"column":70}},"1":{"start":{"line":4,"column":17},"end":{"line":4,"column":55}},"2":{"start":{"line":5,"column":22},"end":{"line":5,"column":62}},"3":{"start":{"line":6,"column":34},"end":{"line":6,"column":71}},"4":{"start":{"line":7,"column":20},"end":{"line":7,"column":66}},"5":{"start":{"line":8,"column":21},"end":{"line":8,"column":56}},"6":{"start":{"line":10,"column":24},"end":{"line":56,"column":1}},"7":{"start":{"line":12,"column":17},"end":{"line":12,"column":48}},"8":{"start":{"line":13,"column":18},"end":{"line":13,"column":51}},"9":{"start":{"line":14,"column":21},"end":{"line":14,"column":61}},"10":{"start":{"line":15,"column":19},"end":{"line":15,"column":55}},"11":{"start":{"line":17,"column":26},"end":{"line":17,"column":36}},"12":{"start":{"line":20,"column":4},"end":{"line":55,"column":5}},"13":{"start":{"line":22,"column":29},"end":{"line":27,"column":10}},"14":{"start":{"line":29,"column":8},"end":{"line":31,"column":9}},"15":{"start":{"line":30,"column":12},"end":{"line":30,"column":52}},"16":{"start":{"line":34,"column":27},"end":{"line":34,"column":57}},"17":{"start":{"line":36,"column":27},"end":{"line":36,"column":65}},"18":{"start":{"line":39,"column":22},"end":{"line":39,"column":167}},"19":{"start":{"line":44,"column":25},"end":{"line":50,"column":9}},"20":{"start":{"line":52,"column":8},"end":{"line":52,"column":39}},"21":{"start":{"line":54,"column":8},"end":{"line":54,"column":18}},"22":{"start":{"line":58,"column":0},"end":{"line":58,"column":32}}},"fnMap":{"0":{"name":"(anonymous_0)","decl":{"start":{"line":10,"column":24},"end":{"line":10,"column":25}},"loc":{"start":{"line":10,"column":50},"end":{"line":56,"column":1}},"line":10}},"branchMap":{"0":{"loc":{"start":{"line":12,"column":17},"end":{"line":12,"column":48}},"type":"binary-expr","locations":[{"start":{"line":12,"column":17},"end":{"line":12,"column":31}},{"start":{"line":12,"column":35},"end":{"line":12,"column":48}}],"line":12},"1":{"loc":{"start":{"line":13,"column":18},"end":{"line":13,"column":51}},"type":"binary-expr","locations":[{"start":{"line":13,"column":18},"end":{"line":13,"column":33}},{"start":{"line":13,"column":37},"end":{"line":13,"column":51}}],"line":13},"2":{"loc":{"start":{"line":14,"column":21},"end":{"line":14,"column":61}},"type":"binary-expr","locations":[{"start":{"line":14,"column":21},"end":{"line":14,"column":40}},{"start":{"line":14,"column":44},"end":{"line":14,"column":61}}],"line":14},"3":{"loc":{"start":{"line":15,"column":19},"end":{"line":15,"column":55}},"type":"binary-expr","locations":[{"start":{"line":15,"column":19},"end":{"line":15,"column":36}},{"start":{"line":15,"column":40},"end":{"line":15,"column":55}}],"line":15},"4":{"loc":{"start":{"line":29,"column":8},"end":{"line":31,"column":9}},"type":"if","locations":[{"start":{"line":29,"column":8},"end":{"line":31,"column":9}},{"start":{},"end":{}}],"line":29}},"s":{"0":1,"1":1,"2":1,"3":1,"4":1,"5":1,"6":1,"7":2,"8":2,"9":2,"10":2,"11":2,"12":2,"13":2,"14":2,"15":1,"16":1,"17":1,"18":1,"19":1,"20":1,"21":1,"22":1},"f":{"0":2},"b":{"0":[2,0],"1":[2,0],"2":[2,0],"3":[2,0],"4":[1,1]},"_coverageSchema":"1a1c01bbd47fc00a2c39e90264f33305004495a9","hash":"777d01a781a10e75b2611201b5f7ecab766063cc"}
,"F:\\PROGRAM\\Assignment2App\\Bachelor_home\\src\\api\\v1\\transections\\controllers\\findSingle.js": {"path":"F:\\PROGRAM\\Assignment2App\\Bachelor_home\\src\\api\\v1\\transections\\controllers\\findSingle.js","statementMap":{"0":{"start":{"line":3,"column":25},"end":{"line":3,"column":70}},"1":{"start":{"line":5,"column":19},"end":{"line":35,"column":1}},"2":{"start":{"line":7,"column":19},"end":{"line":7,"column":29}},"3":{"start":{"line":9,"column":4},"end":{"line":34,"column":5}},"4":{"start":{"line":11,"column":25},"end":{"line":11,"column":62}},"5":{"start":{"line":13,"column":25},"end":{"line":29,"column":9}},"6":{"start":{"line":31,"column":8},"end":{"line":31,"column":39}},"7":{"start":{"line":33,"column":8},"end":{"line":33,"column":18}},"8":{"start":{"line":37,"column":0},"end":{"line":37,"column":27}}},"fnMap":{"0":{"name":"(anonymous_0)","decl":{"start":{"line":5,"column":19},"end":{"line":5,"column":20}},"loc":{"start":{"line":5,"column":45},"end":{"line":35,"column":1}},"line":5}},"branchMap":{},"s":{"0":1,"1":1,"2":2,"3":2,"4":2,"5":1,"6":1,"7":1,"8":1},"f":{"0":2},"b":{},"_coverageSchema":"1a1c01bbd47fc00a2c39e90264f33305004495a9","hash":"67e2e9f8bb94316ef5cf3fa15f634307bbbce47c"}
,"F:\\PROGRAM\\Assignment2App\\Bachelor_home\\src\\api\\v1\\transections\\controllers\\update.js": {"path":"F:\\PROGRAM\\Assignment2App\\Bachelor_home\\src\\api\\v1\\transections\\controllers\\update.js","statementMap":{"0":{"start":{"line":3,"column":25},"end":{"line":3,"column":70}},"1":{"start":{"line":5,"column":15},"end":{"line":26,"column":1}},"2":{"start":{"line":6,"column":19},"end":{"line":6,"column":29}},"3":{"start":{"line":7,"column":31},"end":{"line":7,"column":39}},"4":{"start":{"line":9,"column":4},"end":{"line":25,"column":5}},"5":{"start":{"line":11,"column":25},"end":{"line":11,"column":74}},"6":{"start":{"line":13,"column":25},"end":{"line":20,"column":9}},"7":{"start":{"line":22,"column":8},"end":{"line":22,"column":39}},"8":{"start":{"line":24,"column":8},"end":{"line":24,"column":18}},"9":{"start":{"line":28,"column":0},"end":{"line":28,"column":23}}},"fnMap":{"0":{"name":"(anonymous_0)","decl":{"start":{"line":5,"column":15},"end":{"line":5,"column":16}},"loc":{"start":{"line":5,"column":41},"end":{"line":26,"column":1}},"line":5}},"branchMap":{},"s":{"0":1,"1":1,"2":1,"3":1,"4":1,"5":1,"6":1,"7":1,"8":0,"9":1},"f":{"0":1},"b":{},"_coverageSchema":"1a1c01bbd47fc00a2c39e90264f33305004495a9","hash":"d9fbfb83722ab0c54c3c8a4f443a8f0647e08035"}
,"F:\\PROGRAM\\Assignment2App\\Bachelor_home\\src\\config\\defaults.js": {"path":"F:\\PROGRAM\\Assignment2App\\Bachelor_home\\src\\config\\defaults.js","statementMap":{"0":{"start":{"line":4,"column":15},"end":{"line":13,"column":1}},"1":{"start":{"line":15,"column":0},"end":{"line":15,"column":38}}},"fnMap":{},"branchMap":{},"s":{"0":18,"1":18},"f":{},"b":{},"_coverageSchema":"1a1c01bbd47fc00a2c39e90264f33305004495a9","hash":"9d4dc030d39d1cedd07ca33f042dd084226623f3"}
,"F:\\PROGRAM\\Assignment2App\\Bachelor_home\\src\\lib\\auth\\index.js": {"path":"F:\\PROGRAM\\Assignment2App\\Bachelor_home\\src\\lib\\auth\\index.js","statementMap":{"0":{"start":{"line":3,"column":57},"end":{"line":3,"column":84}},"1":{"start":{"line":4,"column":23},"end":{"line":4,"column":52}},"2":{"start":{"line":5,"column":38},"end":{"line":5,"column":69}},"3":{"start":{"line":8,"column":17},"end":{"line":23,"column":1}},"4":{"start":{"line":10,"column":20},"end":{"line":10,"column":44}},"5":{"start":{"line":12,"column":4},"end":{"line":14,"column":5}},"6":{"start":{"line":13,"column":8},"end":{"line":13,"column":47}},"7":{"start":{"line":16,"column":4},"end":{"line":16,"column":44}},"8":{"start":{"line":20,"column":19},"end":{"line":20,"column":80}},"9":{"start":{"line":22,"column":4},"end":{"line":22,"column":18}},"10":{"start":{"line":25,"column":14},"end":{"line":38,"column":1}},"11":{"start":{"line":27,"column":19},"end":{"line":27,"column":49}},"12":{"start":{"line":28,"column":4},"end":{"line":30,"column":5}},"13":{"start":{"line":29,"column":8},"end":{"line":29,"column":48}},"14":{"start":{"line":32,"column":20},"end":{"line":32,"column":64}},"15":{"start":{"line":33,"column":4},"end":{"line":35,"column":5}},"16":{"start":{"line":34,"column":8},"end":{"line":34,"column":48}},"17":{"start":{"line":37,"column":4},"end":{"line":37,"column":18}},"18":{"start":{"line":40,"column":0},"end":{"line":43,"column":1}}},"fnMap":{"0":{"name":"(anonymous_0)","decl":{"start":{"line":8,"column":17},"end":{"line":8,"column":18}},"loc":{"start":{"line":8,"column":54},"end":{"line":23,"column":1}},"line":8},"1":{"name":"(anonymous_1)","decl":{"start":{"line":25,"column":14},"end":{"line":25,"column":15}},"loc":{"start":{"line":25,"column":45},"end":{"line":38,"column":1}},"line":25}},"branchMap":{"0":{"loc":{"start":{"line":12,"column":4},"end":{"line":14,"column":5}},"type":"if","locations":[{"start":{"line":12,"column":4},"end":{"line":14,"column":5}},{"start":{},"end":{}}],"line":12},"1":{"loc":{"start":{"line":28,"column":4},"end":{"line":30,"column":5}},"type":"if","locations":[{"start":{"line":28,"column":4},"end":{"line":30,"column":5}},{"start":{},"end":{}}],"line":28},"2":{"loc":{"start":{"line":33,"column":4},"end":{"line":35,"column":5}},"type":"if","locations":[{"start":{"line":33,"column":4},"end":{"line":35,"column":5}},{"start":{},"end":{}}],"line":33}},"s":{"0":2,"1":2,"2":2,"3":2,"4":0,"5":0,"6":0,"7":0,"8":0,"9":0,"10":2,"11":3,"12":3,"13":1,"14":2,"15":2,"16":1,"17":1,"18":2},"f":{"0":0,"1":3},"b":{"0":[0,0],"1":[1,2],"2":[1,1]},"_coverageSchema":"1a1c01bbd47fc00a2c39e90264f33305004495a9","hash":"0fa0d7821c9378c69b2f18b88c389ef4890cd6fd"}
,"F:\\PROGRAM\\Assignment2App\\Bachelor_home\\src\\lib\\meals\\index.js": {"path":"F:\\PROGRAM\\Assignment2App\\Bachelor_home\\src\\lib\\meals\\index.js","statementMap":{"0":{"start":{"line":2,"column":13},"end":{"line":2,"column":40}},"1":{"start":{"line":3,"column":52},"end":{"line":3,"column":81}},"2":{"start":{"line":5,"column":15},"end":{"line":15,"column":1}},"3":{"start":{"line":7,"column":25},"end":{"line":7,"column":93}},"4":{"start":{"line":8,"column":4},"end":{"line":10,"column":5}},"5":{"start":{"line":9,"column":8},"end":{"line":9,"column":88}},"6":{"start":{"line":11,"column":17},"end":{"line":11,"column":83}},"7":{"start":{"line":12,"column":4},"end":{"line":12,"column":21}},"8":{"start":{"line":13,"column":4},"end":{"line":13,"column":15}},"9":{"start":{"line":16,"column":14},"end":{"line":23,"column":1}},"10":{"start":{"line":17,"column":19},"end":{"line":19,"column":5}},"11":{"start":{"line":21,"column":4},"end":{"line":21,"column":30}},"12":{"start":{"line":24,"column":29},"end":{"line":32,"column":1}},"13":{"start":{"line":26,"column":18},"end":{"line":26,"column":52}},"14":{"start":{"line":27,"column":4},"end":{"line":29,"column":5}},"15":{"start":{"line":28,"column":8},"end":{"line":28,"column":17}},"16":{"start":{"line":30,"column":4},"end":{"line":30,"column":24}},"17":{"start":{"line":34,"column":16},"end":{"line":54,"column":1}},"18":{"start":{"line":41,"column":20},"end":{"line":41,"column":63}},"19":{"start":{"line":42,"column":19},"end":{"line":44,"column":5}},"20":{"start":{"line":46,"column":18},"end":{"line":49,"column":21}},"21":{"start":{"line":52,"column":4},"end":{"line":52,"column":16}},"22":{"start":{"line":56,"column":19},"end":{"line":61,"column":1}},"23":{"start":{"line":58,"column":17},"end":{"line":58,"column":41}},"24":{"start":{"line":59,"column":4},"end":{"line":59,"column":15}},"25":{"start":{"line":63,"column":24},"end":{"line":79,"column":1}},"26":{"start":{"line":65,"column":17},"end":{"line":65,"column":41}},"27":{"start":{"line":66,"column":4},"end":{"line":69,"column":5}},"28":{"start":{"line":68,"column":8},"end":{"line":68,"column":40}},"29":{"start":{"line":71,"column":4},"end":{"line":71,"column":59}},"30":{"start":{"line":72,"column":4},"end":{"line":72,"column":44}},"31":{"start":{"line":73,"column":4},"end":{"line":73,"column":47}},"32":{"start":{"line":74,"column":4},"end":{"line":74,"column":65}},"33":{"start":{"line":76,"column":4},"end":{"line":76,"column":21}},"34":{"start":{"line":77,"column":4},"end":{"line":77,"column":15}},"35":{"start":{"line":82,"column":15},"end":{"line":103,"column":1}},"36":{"start":{"line":84,"column":17},"end":{"line":84,"column":41}},"37":{"start":{"line":86,"column":4},"end":{"line":88,"column":5}},"38":{"start":{"line":87,"column":8},"end":{"line":87,"column":45}},"39":{"start":{"line":90,"column":4},"end":{"line":101,"column":5}},"40":{"start":{"line":91,"column":24},"end":{"line":91,"column":57}},"41":{"start":{"line":92,"column":8},"end":{"line":96,"column":9}},"42":{"start":{"line":93,"column":12},"end":{"line":93,"column":24}},"43":{"start":{"line":95,"column":12},"end":{"line":95,"column":23}},"44":{"start":{"line":100,"column":8},"end":{"line":100,"column":27}},"45":{"start":{"line":105,"column":13},"end":{"line":110,"column":1}},"46":{"start":{"line":106,"column":18},"end":{"line":108,"column":5}},"47":{"start":{"line":109,"column":4},"end":{"line":109,"column":16}},"48":{"start":{"line":111,"column":22},"end":{"line":116,"column":1}},"49":{"start":{"line":112,"column":18},"end":{"line":114,"column":5}},"50":{"start":{"line":115,"column":4},"end":{"line":115,"column":16}},"51":{"start":{"line":117,"column":24},"end":{"line":134,"column":1}},"52":{"start":{"line":126,"column":20},"end":{"line":126,"column":63}},"53":{"start":{"line":127,"column":18},"end":{"line":130,"column":21}},"54":{"start":{"line":133,"column":4},"end":{"line":133,"column":16}},"55":{"start":{"line":136,"column":0},"end":{"line":147,"column":1}}},"fnMap":{"0":{"name":"(anonymous_0)","decl":{"start":{"line":5,"column":15},"end":{"line":5,"column":16}},"loc":{"start":{"line":5,"column":72},"end":{"line":15,"column":1}},"line":5},"1":{"name":"(anonymous_1)","decl":{"start":{"line":16,"column":14},"end":{"line":16,"column":15}},"loc":{"start":{"line":16,"column":35},"end":{"line":23,"column":1}},"line":16},"2":{"name":"(anonymous_2)","decl":{"start":{"line":24,"column":29},"end":{"line":24,"column":30}},"loc":{"start":{"line":24,"column":43},"end":{"line":32,"column":1}},"line":24},"3":{"name":"(anonymous_3)","decl":{"start":{"line":34,"column":16},"end":{"line":34,"column":17}},"loc":{"start":{"line":40,"column":6},"end":{"line":54,"column":1}},"line":40},"4":{"name":"(anonymous_4)","decl":{"start":{"line":56,"column":19},"end":{"line":56,"column":20}},"loc":{"start":{"line":56,"column":34},"end":{"line":61,"column":1}},"line":56},"5":{"name":"(anonymous_5)","decl":{"start":{"line":63,"column":24},"end":{"line":63,"column":25}},"loc":{"start":{"line":63,"column":51},"end":{"line":79,"column":1}},"line":63},"6":{"name":"(anonymous_6)","decl":{"start":{"line":82,"column":15},"end":{"line":82,"column":16}},"loc":{"start":{"line":82,"column":30},"end":{"line":103,"column":1}},"line":82},"7":{"name":"(anonymous_7)","decl":{"start":{"line":105,"column":13},"end":{"line":105,"column":14}},"loc":{"start":{"line":105,"column":47},"end":{"line":110,"column":1}},"line":105},"8":{"name":"(anonymous_8)","decl":{"start":{"line":111,"column":22},"end":{"line":111,"column":23}},"loc":{"start":{"line":111,"column":52},"end":{"line":116,"column":1}},"line":111},"9":{"name":"(anonymous_9)","decl":{"start":{"line":117,"column":24},"end":{"line":117,"column":25}},"loc":{"start":{"line":124,"column":6},"end":{"line":134,"column":1}},"line":124}},"branchMap":{"0":{"loc":{"start":{"line":8,"column":4},"end":{"line":10,"column":5}},"type":"if","locations":[{"start":{"line":8,"column":4},"end":{"line":10,"column":5}},{"start":{},"end":{}}],"line":8},"1":{"loc":{"start":{"line":16,"column":17},"end":{"line":16,"column":28}},"type":"default-arg","locations":[{"start":{"line":16,"column":26},"end":{"line":16,"column":28}}],"line":16},"2":{"loc":{"start":{"line":27,"column":4},"end":{"line":29,"column":5}},"type":"if","locations":[{"start":{"line":27,"column":4},"end":{"line":29,"column":5}},{"start":{},"end":{}}],"line":27},"3":{"loc":{"start":{"line":35,"column":4},"end":{"line":35,"column":24}},"type":"default-arg","locations":[{"start":{"line":35,"column":11},"end":{"line":35,"column":24}}],"line":35},"4":{"loc":{"start":{"line":36,"column":4},"end":{"line":36,"column":26}},"type":"default-arg","locations":[{"start":{"line":36,"column":12},"end":{"line":36,"column":26}}],"line":36},"5":{"loc":{"start":{"line":37,"column":4},"end":{"line":37,"column":32}},"type":"default-arg","locations":[{"start":{"line":37,"column":15},"end":{"line":37,"column":32}}],"line":37},"6":{"loc":{"start":{"line":38,"column":4},"end":{"line":38,"column":28}},"type":"default-arg","locations":[{"start":{"line":38,"column":13},"end":{"line":38,"column":28}}],"line":38},"7":{"loc":{"start":{"line":39,"column":4},"end":{"line":39,"column":28}},"type":"default-arg","locations":[{"start":{"line":39,"column":13},"end":{"line":39,"column":28}}],"line":39},"8":{"loc":{"start":{"line":41,"column":23},"end":{"line":41,"column":52}},"type":"cond-expr","locations":[{"start":{"line":41,"column":44},"end":{"line":41,"column":47}},{"start":{"line":41,"column":50},"end":{"line":41,"column":52}}],"line":41},"9":{"loc":{"start":{"line":66,"column":4},"end":{"line":69,"column":5}},"type":"if","locations":[{"start":{"line":66,"column":4},"end":{"line":69,"column":5}},{"start":{},"end":{}}],"line":66},"10":{"loc":{"start":{"line":71,"column":21},"end":{"line":71,"column":59}},"type":"binary-expr","locations":[{"start":{"line":71,"column":21},"end":{"line":71,"column":41}},{"start":{"line":71,"column":45},"end":{"line":71,"column":59}}],"line":71},"11":{"loc":{"start":{"line":72,"column":16},"end":{"line":72,"column":44}},"type":"binary-expr","locations":[{"start":{"line":72,"column":16},"end":{"line":72,"column":31}},{"start":{"line":72,"column":35},"end":{"line":72,"column":44}}],"line":72},"12":{"loc":{"start":{"line":73,"column":17},"end":{"line":73,"column":47}},"type":"binary-expr","locations":[{"start":{"line":73,"column":17},"end":{"line":73,"column":33}},{"start":{"line":73,"column":37},"end":{"line":73,"column":47}}],"line":73},"13":{"loc":{"start":{"line":74,"column":23},"end":{"line":74,"column":65}},"type":"binary-expr","locations":[{"start":{"line":74,"column":23},"end":{"line":74,"column":45}},{"start":{"line":74,"column":49},"end":{"line":74,"column":65}}],"line":74},"14":{"loc":{"start":{"line":86,"column":4},"end":{"line":88,"column":5}},"type":"if","locations":[{"start":{"line":86,"column":4},"end":{"line":88,"column":5}},{"start":{},"end":{}}],"line":86},"15":{"loc":{"start":{"line":92,"column":8},"end":{"line":96,"column":9}},"type":"if","locations":[{"start":{"line":92,"column":8},"end":{"line":96,"column":9}},{"start":{"line":94,"column":15},"end":{"line":96,"column":9}}],"line":92},"16":{"loc":{"start":{"line":118,"column":4},"end":{"line":118,"column":24}},"type":"default-arg","locations":[{"start":{"line":118,"column":11},"end":{"line":118,"column":24}}],"line":118},"17":{"loc":{"start":{"line":119,"column":4},"end":{"line":119,"column":26}},"type":"default-arg","locations":[{"start":{"line":119,"column":12},"end":{"line":119,"column":26}}],"line":119},"18":{"loc":{"start":{"line":120,"column":4},"end":{"line":120,"column":32}},"type":"default-arg","locations":[{"start":{"line":120,"column":15},"end":{"line":120,"column":32}}],"line":120},"19":{"loc":{"start":{"line":121,"column":4},"end":{"line":121,"column":28}},"type":"default-arg","locations":[{"start":{"line":121,"column":13},"end":{"line":121,"column":28}}],"line":121},"20":{"loc":{"start":{"line":126,"column":23},"end":{"line":126,"column":52}},"type":"cond-expr","locations":[{"start":{"line":126,"column":44},"end":{"line":126,"column":47}},{"start":{"line":126,"column":50},"end":{"line":126,"column":52}}],"line":126}},"s":{"0":9,"1":9,"2":9,"3":2,"4":2,"5":0,"6":2,"7":2,"8":2,"9":9,"10":1,"11":1,"12":9,"13":0,"14":0,"15":0,"16":0,"17":9,"18":1,"19":1,"20":1,"21":1,"22":9,"23":2,"24":2,"25":9,"26":1,"27":1,"28":1,"29":0,"30":0,"31":0,"32":0,"33":0,"34":0,"35":9,"36":2,"37":2,"38":1,"39":1,"40":1,"41":0,"42":0,"43":0,"44":1,"45":9,"46":0,"47":0,"48":9,"49":0,"50":0,"51":9,"52":1,"53":1,"54":1,"55":9},"f":{"0":2,"1":1,"2":0,"3":1,"4":2,"5":1,"6":2,"7":0,"8":0,"9":1},"b":{"0":[0,2],"1":[0],"2":[0,0],"3":[0],"4":[0],"5":[0],"6":[0],"7":[0],"8":[0,1],"9":[1,0],"10":[0,0],"11":[0,0],"12":[0,0],"13":[0,0],"14":[1,1],"15":[0,0],"16":[0],"17":[0],"18":[0],"19":[0],"20":[0,1]},"_coverageSchema":"1a1c01bbd47fc00a2c39e90264f33305004495a9","hash":"9f35e3790f6fd81d9324954b582866ed112124ca"}
,"F:\\PROGRAM\\Assignment2App\\Bachelor_home\\src\\lib\\members\\index.js": {"path":"F:\\PROGRAM\\Assignment2App\\Bachelor_home\\src\\lib\\members\\index.js","statementMap":{"0":{"start":{"line":2,"column":55},"end":{"line":2,"column":84}},"1":{"start":{"line":3,"column":17},"end":{"line":3,"column":49}},"2":{"start":{"line":4,"column":15},"end":{"line":4,"column":44}},"3":{"start":{"line":5,"column":38},"end":{"line":5,"column":69}},"4":{"start":{"line":7,"column":26},"end":{"line":10,"column":1}},"5":{"start":{"line":8,"column":19},"end":{"line":8,"column":50}},"6":{"start":{"line":9,"column":4},"end":{"line":9,"column":35}},"7":{"start":{"line":12,"column":20},"end":{"line":15,"column":1}},"8":{"start":{"line":13,"column":19},"end":{"line":13,"column":49}},"9":{"start":{"line":14,"column":4},"end":{"line":14,"column":33}},"10":{"start":{"line":18,"column":23},"end":{"line":31,"column":1}},"11":{"start":{"line":19,"column":4},"end":{"line":30,"column":5}},"12":{"start":{"line":20,"column":23},"end":{"line":20,"column":42}},"13":{"start":{"line":22,"column":8},"end":{"line":26,"column":9}},"14":{"start":{"line":23,"column":12},"end":{"line":23,"column":23}},"15":{"start":{"line":25,"column":12},"end":{"line":25,"column":25}},"16":{"start":{"line":28,"column":8},"end":{"line":28,"column":26}},"17":{"start":{"line":29,"column":8},"end":{"line":29,"column":27}},"18":{"start":{"line":33,"column":21},"end":{"line":37,"column":1}},"19":{"start":{"line":34,"column":17},"end":{"line":34,"column":61}},"20":{"start":{"line":35,"column":4},"end":{"line":35,"column":22}},"21":{"start":{"line":36,"column":4},"end":{"line":36,"column":16}},"22":{"start":{"line":39,"column":14},"end":{"line":45,"column":1}},"23":{"start":{"line":40,"column":19},"end":{"line":42,"column":5}},"24":{"start":{"line":44,"column":4},"end":{"line":44,"column":32}},"25":{"start":{"line":47,"column":16},"end":{"line":66,"column":1}},"26":{"start":{"line":54,"column":20},"end":{"line":54,"column":63}},"27":{"start":{"line":55,"column":19},"end":{"line":57,"column":5}},"28":{"start":{"line":59,"column":20},"end":{"line":62,"column":21}},"29":{"start":{"line":64,"column":4},"end":{"line":64,"column":18}},"30":{"start":{"line":68,"column":19},"end":{"line":72,"column":1}},"31":{"start":{"line":70,"column":19},"end":{"line":70,"column":44}},"32":{"start":{"line":71,"column":4},"end":{"line":71,"column":17}},"33":{"start":{"line":74,"column":15},"end":{"line":94,"column":1}},"34":{"start":{"line":76,"column":19},"end":{"line":76,"column":39}},"35":{"start":{"line":78,"column":4},"end":{"line":80,"column":5}},"36":{"start":{"line":79,"column":8},"end":{"line":79,"column":42}},"37":{"start":{"line":83,"column":31},"end":{"line":83,"column":67}},"38":{"start":{"line":85,"column":4},"end":{"line":90,"column":7}},"39":{"start":{"line":87,"column":8},"end":{"line":89,"column":9}},"40":{"start":{"line":88,"column":12},"end":{"line":88,"column":42}},"41":{"start":{"line":92,"column":4},"end":{"line":92,"column":23}},"42":{"start":{"line":93,"column":4},"end":{"line":93,"column":17}},"43":{"start":{"line":97,"column":15},"end":{"line":111,"column":1}},"44":{"start":{"line":99,"column":19},"end":{"line":99,"column":39}},"45":{"start":{"line":101,"column":4},"end":{"line":103,"column":5}},"46":{"start":{"line":102,"column":8},"end":{"line":102,"column":45}},"47":{"start":{"line":105,"column":4},"end":{"line":110,"column":5}},"48":{"start":{"line":106,"column":8},"end":{"line":106,"column":43}},"49":{"start":{"line":109,"column":8},"end":{"line":109,"column":27}},"50":{"start":{"line":113,"column":23},"end":{"line":135,"column":1}},"51":{"start":{"line":115,"column":20},"end":{"line":115,"column":56}},"52":{"start":{"line":117,"column":4},"end":{"line":119,"column":5}},"53":{"start":{"line":118,"column":8},"end":{"line":118,"column":42}},"54":{"start":{"line":120,"column":19},"end":{"line":120,"column":29}},"55":{"start":{"line":122,"column":4},"end":{"line":124,"column":5}},"56":{"start":{"line":123,"column":8},"end":{"line":123,"column":35}},"57":{"start":{"line":125,"column":26},"end":{"line":125,"column":77}},"58":{"start":{"line":127,"column":4},"end":{"line":129,"column":5}},"59":{"start":{"line":128,"column":8},"end":{"line":128,"column":55}},"60":{"start":{"line":131,"column":28},"end":{"line":131,"column":59}},"61":{"start":{"line":132,"column":4},"end":{"line":132,"column":38}},"62":{"start":{"line":133,"column":4},"end":{"line":133,"column":23}},"63":{"start":{"line":134,"column":4},"end":{"line":134,"column":18}},"64":{"start":{"line":137,"column":0},"end":{"line":149,"column":2}}},"fnMap":{"0":{"name":"(anonymous_0)","decl":{"start":{"line":7,"column":26},"end":{"line":7,"column":27}},"loc":{"start":{"line":7,"column":43},"end":{"line":10,"column":1}},"line":7},"1":{"name":"(anonymous_1)","decl":{"start":{"line":12,"column":20},"end":{"line":12,"column":21}},"loc":{"start":{"line":12,"column":37},"end":{"line":15,"column":1}},"line":12},"2":{"name":"(anonymous_2)","decl":{"start":{"line":18,"column":23},"end":{"line":18,"column":24}},"loc":{"start":{"line":18,"column":35},"end":{"line":31,"column":1}},"line":18},"3":{"name":"(anonymous_3)","decl":{"start":{"line":33,"column":21},"end":{"line":33,"column":22}},"loc":{"start":{"line":33,"column":65},"end":{"line":37,"column":1}},"line":33},"4":{"name":"(anonymous_4)","decl":{"start":{"line":39,"column":14},"end":{"line":39,"column":15}},"loc":{"start":{"line":39,"column":35},"end":{"line":45,"column":1}},"line":39},"5":{"name":"(anonymous_5)","decl":{"start":{"line":47,"column":16},"end":{"line":47,"column":17}},"loc":{"start":{"line":53,"column":6},"end":{"line":66,"column":1}},"line":53},"6":{"name":"(anonymous_6)","decl":{"start":{"line":68,"column":19},"end":{"line":68,"column":20}},"loc":{"start":{"line":68,"column":33},"end":{"line":72,"column":1}},"line":68},"7":{"name":"(anonymous_7)","decl":{"start":{"line":74,"column":15},"end":{"line":74,"column":16}},"loc":{"start":{"line":74,"column":41},"end":{"line":94,"column":1}},"line":74},"8":{"name":"(anonymous_8)","decl":{"start":{"line":85,"column":36},"end":{"line":85,"column":37}},"loc":{"start":{"line":85,"column":45},"end":{"line":90,"column":5}},"line":85},"9":{"name":"(anonymous_9)","decl":{"start":{"line":97,"column":15},"end":{"line":97,"column":16}},"loc":{"start":{"line":97,"column":29},"end":{"line":111,"column":1}},"line":97},"10":{"name":"(anonymous_10)","decl":{"start":{"line":113,"column":23},"end":{"line":113,"column":24}},"loc":{"start":{"line":113,"column":74},"end":{"line":135,"column":1}},"line":113}},"branchMap":{"0":{"loc":{"start":{"line":9,"column":11},"end":{"line":9,"column":34}},"type":"cond-expr","locations":[{"start":{"line":9,"column":20},"end":{"line":9,"column":26}},{"start":{"line":9,"column":29},"end":{"line":9,"column":34}}],"line":9},"1":{"loc":{"start":{"line":14,"column":11},"end":{"line":14,"column":32}},"type":"cond-expr","locations":[{"start":{"line":14,"column":20},"end":{"line":14,"column":24}},{"start":{"line":14,"column":27},"end":{"line":14,"column":32}}],"line":14},"2":{"loc":{"start":{"line":22,"column":8},"end":{"line":26,"column":9}},"type":"if","locations":[{"start":{"line":22,"column":8},"end":{"line":26,"column":9}},{"start":{"line":24,"column":15},"end":{"line":26,"column":9}}],"line":22},"3":{"loc":{"start":{"line":39,"column":17},"end":{"line":39,"column":28}},"type":"default-arg","locations":[{"start":{"line":39,"column":26},"end":{"line":39,"column":28}}],"line":39},"4":{"loc":{"start":{"line":48,"column":4},"end":{"line":48,"column":24}},"type":"default-arg","locations":[{"start":{"line":48,"column":11},"end":{"line":48,"column":24}}],"line":48},"5":{"loc":{"start":{"line":49,"column":4},"end":{"line":49,"column":26}},"type":"default-arg","locations":[{"start":{"line":49,"column":12},"end":{"line":49,"column":26}}],"line":49},"6":{"loc":{"start":{"line":50,"column":4},"end":{"line":50,"column":32}},"type":"default-arg","locations":[{"start":{"line":50,"column":15},"end":{"line":50,"column":32}}],"line":50},"7":{"loc":{"start":{"line":51,"column":4},"end":{"line":51,"column":28}},"type":"default-arg","locations":[{"start":{"line":51,"column":13},"end":{"line":51,"column":28}}],"line":51},"8":{"loc":{"start":{"line":52,"column":4},"end":{"line":52,"column":28}},"type":"default-arg","locations":[{"start":{"line":52,"column":13},"end":{"line":52,"column":28}}],"line":52},"9":{"loc":{"start":{"line":54,"column":23},"end":{"line":54,"column":52}},"type":"cond-expr","locations":[{"start":{"line":54,"column":44},"end":{"line":54,"column":47}},{"start":{"line":54,"column":50},"end":{"line":54,"column":52}}],"line":54},"10":{"loc":{"start":{"line":78,"column":4},"end":{"line":80,"column":5}},"type":"if","locations":[{"start":{"line":78,"column":4},"end":{"line":80,"column":5}},{"start":{},"end":{}}],"line":78},"11":{"loc":{"start":{"line":87,"column":8},"end":{"line":89,"column":9}},"type":"if","locations":[{"start":{"line":87,"column":8},"end":{"line":89,"column":9}},{"start":{},"end":{}}],"line":87},"12":{"loc":{"start":{"line":101,"column":4},"end":{"line":103,"column":5}},"type":"if","locations":[{"start":{"line":101,"column":4},"end":{"line":103,"column":5}},{"start":{},"end":{}}],"line":101},"13":{"loc":{"start":{"line":117,"column":4},"end":{"line":119,"column":5}},"type":"if","location
[...]
utilis\\Heteoas.js","statementMap":{"0":{"start":{"line":1,"column":28},"end":{"line":7,"column":1}},"1":{"start":{"line":2,"column":4},"end":{"line":6,"column":19}},"2":{"start":{"line":4,"column":21},"end":{"line":4,"column":83}},"3":{"start":{"line":9,"column":30},"end":{"line":24,"column":1}},"4":{"start":{"line":11,"column":18},"end":{"line":13,"column":5}},"5":{"start":{"line":15,"column":4},"end":{"line":18,"column":5}},"6":{"start":{"line":16,"column":25},"end":{"line":16,"column":74}},"7":{"start":{"line":17,"column":8},"end":{"line":17,"column":43}},"8":{"start":{"line":19,"column":4},"end":{"line":22,"column":5}},"9":{"start":{"line":20,"column":25},"end":{"line":20,"column":74}},"10":{"start":{"line":21,"column":8},"end":{"line":21,"column":43}},"11":{"start":{"line":23,"column":4},"end":{"line":23,"column":17}},"12":{"start":{"line":26,"column":0},"end":{"line":28,"column":1}}},"fnMap":{"0":{"name":"(anonymous_0)","decl":{"start":{"line":1,"column":28},"end":{"line":1,"column":29}},"loc":{"start":{"line":1,"column":39},"end":{"line":7,"column":1}},"line":1},"1":{"name":"(anonymous_1)","decl":{"start":{"line":4,"column":12},"end":{"line":4,"column":13}},"loc":{"start":{"line":4,"column":21},"end":{"line":4,"column":83}},"line":4},"2":{"name":"(anonymous_2)","decl":{"start":{"line":9,"column":30},"end":{"line":9,"column":31}},"loc":{"start":{"line":9,"column":100},"end":{"line":24,"column":1}},"line":9}},"branchMap":{"0":{"loc":{"start":{"line":9,"column":33},"end":{"line":9,"column":42}},"type":"default-arg","locations":[{"start":{"line":9,"column":39},"end":{"line":9,"column":42}}],"line":9},"1":{"loc":{"start":{"line":9,"column":44},"end":{"line":9,"column":53}},"type":"default-arg","locations":[{"start":{"line":9,"column":51},"end":{"line":9,"column":53}}],"line":9},"2":{"loc":{"start":{"line":9,"column":55},"end":{"line":9,"column":65}},"type":"default-arg","locations":[{"start":{"line":9,"column":63},"end":{"line":9,"column":65}}],"line":9},"3":{"loc":{"start":{"line":9,"column":85},"end":{"line":9,"column":93}},"type":"default-arg","locations":[{"start":{"line":9,"column":92},"end":{"line":9,"column":93}}],"line":9},"4":{"loc":{"start":{"line":15,"column":4},"end":{"line":18,"column":5}},"type":"if","locations":[{"start":{"line":15,"column":4},"end":{"line":18,"column":5}},{"start":{},"end":{}}],"line":15},"5":{"loc":{"start":{"line":19,"column":4},"end":{"line":22,"column":5}},"type":"if","locations":[{"start":{"line":19,"column":4},"end":{"line":22,"column":5}},{"start":{},"end":{}}],"line":19}},"s":{"0":7,"1":0,"2":0,"3":7,"4":6,"5":6,"6":0,"7":0,"8":6,"9":0,"10":0,"11":6,"12":7},"f":{"0":0,"1":0,"2":6},"b":{"0":[6],"1":[6],"2":[0],"3":[0],"4":[0,6],"5":[0,6]},"_coverageSchema":"1a1c01bbd47fc00a2c39e90264f33305004495a9","hash":"936ea124f9e9f47f802aedd070bd5adb046dac63"}
,"F:\\PROGRAM\\Assignment2App\\Bachelor_home\\src\\utilis\\error.js": {"path":"F:\\PROGRAM\\Assignment2App\\Bachelor_home\\src\\utilis\\error.js","statementMap":{"0":{"start":{"line":3,"column":17},"end":{"line":7,"column":1}},"1":{"start":{"line":4,"column":18},"end":{"line":4,"column":32}},"2":{"start":{"line":5,"column":4},"end":{"line":5,"column":23}},"3":{"start":{"line":6,"column":4},"end":{"line":6,"column":17}},"4":{"start":{"line":9,"column":19},"end":{"line":14,"column":1}},"5":{"start":{"line":11,"column":18},"end":{"line":11,"column":32}},"6":{"start":{"line":12,"column":4},"end":{"line":12,"column":23}},"7":{"start":{"line":13,"column":4},"end":{"line":13,"column":16}},"8":{"start":{"line":15,"column":25},"end":{"line":20,"column":1}},"9":{"start":{"line":17,"column":18},"end":{"line":17,"column":32}},"10":{"start":{"line":18,"column":4},"end":{"line":18,"column":23}},"11":{"start":{"line":19,"column":4},"end":{"line":19,"column":16}},"12":{"start":{"line":21,"column":20},"end":{"line":25,"column":1}},"13":{"start":{"line":22,"column":18},"end":{"line":22,"column":32}},"14":{"start":{"line":23,"column":4},"end":{"line":23,"column":23}},"15":{"start":{"line":24,"column":4},"end":{"line":24,"column":17}},"16":{"start":{"line":27,"column":28},"end":{"line":31,"column":1}},"17":{"start":{"line":28,"column":18},"end":{"line":28,"column":32}},"18":{"start":{"line":29,"column":4},"end":{"line":29,"column":23}},"19":{"start":{"line":30,"column":4},"end":{"line":30,"column":17}},"20":{"start":{"line":33,"column":27},"end":{"line":37,"column":1}},"21":{"start":{"line":34,"column":18},"end":{"line":34,"column":32}},"22":{"start":{"line":35,"column":4},"end":{"line":35,"column":23}},"23":{"start":{"line":36,"column":4},"end":{"line":36,"column":17}},"24":{"start":{"line":39,"column":0},"end":{"line":46,"column":2}}},"fnMap":{"0":{"name":"(anonymous_0)","decl":{"start":{"line":3,"column":17},"end":{"line":3,"column":18}},"loc":{"start":{"line":3,"column":49},"end":{"line":7,"column":1}},"line":3},"1":{"name":"(anonymous_1)","decl":{"start":{"line":9,"column":19},"end":{"line":9,"column":20}},"loc":{"start":{"line":9,"column":44},"end":{"line":14,"column":1}},"line":9},"2":{"name":"(anonymous_2)","decl":{"start":{"line":15,"column":25},"end":{"line":15,"column":26}},"loc":{"start":{"line":15,"column":56},"end":{"line":20,"column":1}},"line":15},"3":{"name":"(anonymous_3)","decl":{"start":{"line":21,"column":20},"end":{"line":21,"column":21}},"loc":{"start":{"line":21,"column":55},"end":{"line":25,"column":1}},"line":21},"4":{"name":"(anonymous_4)","decl":{"start":{"line":27,"column":28},"end":{"line":27,"column":29}},"loc":{"start":{"line":27,"column":63},"end":{"line":31,"column":1}},"line":27},"5":{"name":"(anonymous_5)","decl":{"start":{"line":33,"column":27},"end":{"line":33,"column":28}},"loc":{"start":{"line":33,"column":58},"end":{"line":37,"column":1}},"line":33}},"branchMap":{"0":{"loc":{"start":{"line":3,"column":18},"end":{"line":3,"column":44}},"type":"default-arg","locations":[{"start":{"line":3,"column":24},"end":{"line":3,"column":44}}],"line":3},"1":{"loc":{"start":{"line":9,"column":20},"end":{"line":9,"column":39}},"type":"default-arg","locations":[{"start":{"line":9,"column":26},"end":{"line":9,"column":39}}],"line":9},"2":{"loc":{"start":{"line":15,"column":26},"end":{"line":15,"column":51}},"type":"default-arg","locations":[{"start":{"line":15,"column":32},"end":{"line":15,"column":51}}],"line":15},"3":{"loc":{"start":{"line":21,"column":21},"end":{"line":21,"column":50}},"type":"default-arg","locations":[{"start":{"line":21,"column":27},"end":{"line":21,"column":50}}],"line":21},"4":{"loc":{"start":{"line":27,"column":29},"end":{"line":27,"column":58}},"type":"default-arg","locations":[{"start":{"line":27,"column":35},"end":{"line":27,"column":58}}],"line":27},"5":{"loc":{"start":{"line":33,"column":28},"end":{"line":33,"column":53}},"type":"default-arg","locations":[{"start":{"line":33,"column":34},"end":{"line":33,"column":53}}],"line":33}},"s":{"0":56,"1":9,"2":9,"3":9,"4":56,"5":6,"6":6,"7":6,"8":56,"9":2,"10":2,"11":2,"12":56,"13":7,"14":7,"15":7,"16":56,"17":9,"18":9,"19":9,"20":56,"21":4,"22":4,"23":4,"24":56},"f":{"0":9,"1":6,"2":2,"3":7,"4":9,"5":4},"b":{"0":[0],"1":[1],"2":[1],"3":[4],"4":[7],"5":[3]},"_coverageSchema":"1a1c01bbd47fc00a2c39e90264f33305004495a9","hash":"92efdfacd8559d9f3a5afa96d69efb1f36d59d95"}
,"F:\\PROGRAM\\Assignment2App\\Bachelor_home\\src\\utilis\\generateResponse.js": {"path":"F:\\PROGRAM\\Assignment2App\\Bachelor_home\\src\\utilis\\generateResponse.js","statementMap":{"0":{"start":{"line":3,"column":13},"end":{"line":17,"column":1}},"1":{"start":{"line":5,"column":4},"end":{"line":16,"column":7}},"2":{"start":{"line":6,"column":8},"end":{"line":15,"column":9}},"3":{"start":{"line":18,"column":18},"end":{"line":34,"column":1}},"4":{"start":{"line":20,"column":4},"end":{"line":33,"column":7}},"5":{"start":{"line":21,"column":8},"end":{"line":32,"column":9}},"6":{"start":{"line":36,"column":21},"end":{"line":50,"column":1}},"7":{"start":{"line":38,"column":4},"end":{"line":49,"column":7}},"8":{"start":{"line":39,"column":8},"end":{"line":48,"column":9}},"9":{"start":{"line":52,"column":20},"end":{"line":65,"column":1}},"10":{"start":{"line":54,"column":4},"end":{"line":64,"column":7}},"11":{"start":{"line":55,"column":8},"end":{"line":63,"column":9}},"12":{"start":{"line":67,"column":21},"end":{"line":101,"column":1}},"13":{"start":{"line":68,"column":25},"end":{"line":68,"column":26}},"14":{"start":{"line":69,"column":21},"end":{"line":69,"column":22}},"15":{"start":{"line":70,"column":22},"end":{"line":70,"column":23}},"16":{"start":{"line":71,"column":21},"end":{"line":71,"column":22}},"17":{"start":{"line":72,"column":20},"end":{"line":72,"column":21}},"18":{"start":{"line":73,"column":4},"end":{"line":88,"column":7}},"19":{"start":{"line":74,"column":8},"end":{"line":74,"column":21}},"20":{"start":{"line":75,"column":8},"end":{"line":75,"column":32}},"21":{"start":{"line":77,"column":8},"end":{"line":87,"column":9}},"22":{"start":{"line":79,"column":16},"end":{"line":79,"column":33}},"23":{"start":{"line":80,"column":16},"end":{"line":80,"column":22}},"24":{"start":{"line":82,"column":16},"end":{"line":82,"column":29}},"25":{"start":{"line":83,"column":16},"end":{"line":83,"column":22}},"26":{"start":{"line":85,"column":16},"end":{"line":85,"column":30}},"27":{"start":{"line":86,"column":16},"end":{"line":86,"column":22}},"28":{"start":{"line":91,"column":26},"end":{"line":97,"column":5}},"29":{"start":{"line":99,"column":4},"end":{"line":99,"column":25}},"30":{"start":{"line":103,"column":24},"end":{"line":121,"column":1}},"31":{"start":{"line":106,"column":23},"end":{"line":106,"column":24}},"32":{"start":{"line":107,"column":4},"end":{"line":109,"column":7}},"33":{"start":{"line":108,"column":8},"end":{"line":108,"column":51}},"34":{"start":{"line":111,"column":16},"end":{"line":111,"column":40}},"35":{"start":{"line":112,"column":27},"end":{"line":117,"column":5}},"36":{"start":{"line":119,"column":4},"end":{"line":119,"column":26}},"37":{"start":{"line":123,"column":23},"end":{"line":138,"column":1}},"38":{"start":{"line":125,"column":27},"end":{"line":125,"column":28}},"39":{"start":{"line":126,"column":4},"end":{"line":128,"column":7}},"40":{"start":{"line":127,"column":8},"end":{"line":127,"column":42}},"41":{"start":{"line":130,"column":17},"end":{"line":130,"column":46}},"42":{"start":{"line":131,"column":28},"end":{"line":135,"column":5}},"43":{"start":{"line":137,"column":4},"end":{"line":137,"column":26}},"44":{"start":{"line":140,"column":0},"end":{"line":148,"column":1}}},"fnMap":{"0":{"name":"(anonymous_0)","decl":{"start":{"line":3,"column":13},"end":{"line":3,"column":14}},"loc":{"start":{"line":3,"column":37},"end":{"line":17,"column":1}},"line":3},"1":{"name":"(anonymous_1)","decl":{"start":{"line":5,"column":23},"end":{"line":5,"column":24}},"loc":{"start":{"line":5,"column":33},"end":{"line":16,"column":5}},"line":5},"2":{"name":"(anonymous_2)","decl":{"start":{"line":18,"column":18},"end":{"line":18,"column":19}},"loc":{"start":{"line":18,"column":40},"end":{"line":34,"column":1}},"line":18},"3":{"name":"(anonymous_3)","decl":{"start":{"line":20,"column":21},"end":{"line":20,"column":22}},"loc":{"start":{"line":20,"column":31},"end":{"line":33,"column":5}},"line":20},"4":{"name":"(anonymous_4)","decl":{"start":{"line":36,"column":21},"end":{"line":36,"column":22}},"loc":{"start":{"line":36,"column":46},"end":{"line":50,"column":1}},"line":36},"5":{"name":"(anonymous_5)","decl":{"start":{"line":38,"column":24},"end":{"line":38,"column":25}},"loc":{"start":{"line":38,"column":34},"end":{"line":49,"column":5}},"line":38},"6":{"name":"(anonymous_6)","decl":{"start":{"line":52,"column":20},"end":{"line":52,"column":21}},"loc":{"start":{"line":52,"column":44},"end":{"line":65,"column":1}},"line":52},"7":{"name":"(anonymous_7)","decl":{"start":{"line":54,"column":23},"end":{"line":54,"column":24}},"loc":{"start":{"line":54,"column":33},"end":{"line":64,"column":5}},"line":54},"8":{"name":"(anonymous_8)","decl":{"start":{"line":67,"column":21},"end":{"line":67,"column":22}},"loc":{"start":{"line":67,"column":43},"end":{"line":101,"column":1}},"line":67},"9":{"name":"(anonymous_9)","decl":{"start":{"line":73,"column":18},"end":{"line":73,"column":19}},"loc":{"start":{"line":73,"column":28},"end":{"line":88,"column":5}},"line":73},"10":{"name":"(anonymous_10)","decl":{"start":{"line":103,"column":24},"end":{"line":103,"column":25}},"loc":{"start":{"line":103,"column":64},"end":{"line":121,"column":1}},"line":103},"11":{"name":"(anonymous_11)","decl":{"start":{"line":107,"column":25},"end":{"line":107,"column":26}},"loc":{"start":{"line":107,"column":42},"end":{"line":109,"column":5}},"line":107},"12":{"name":"(anonymous_12)","decl":{"start":{"line":123,"column":23},"end":{"line":123,"column":24}},"loc":{"start":{"line":123,"column":60},"end":{"line":138,"column":1}},"line":123},"13":{"name":"(anonymous_13)","decl":{"start":{"line":126,"column":21},"end":{"line":126,"column":22}},"loc":{"start":{"line":126,"column":34},"end":{"line":128,"column":5}},"line":126}},"branchMap":{"0":{"loc":{"start":{"line":3,"column":20},"end":{"line":3,"column":32}},"type":"default-arg","locations":[{"start":{"line":3,"column":30},"end":{"line":3,"column":32}}],"line":3},"1":{"loc":{"start":{"line":18,"column":25},"end":{"line":18,"column":35}},"type":"default-arg","locations":[{"start":{"line":18,"column":33},"end":{"line":18,"column":35}}],"line":18},"2":{"loc":{"start":{"line":36,"column":28},"end":{"line":36,"column":41}},"type":"default-arg","locations":[{"start":{"line":36,"column":39},"end":{"line":36,"column":41}}],"line":36},"3":{"loc":{"start":{"line":52,"column":27},"end":{"line":52,"column":39}},"type":"default-arg","locations":[{"start":{"line":52,"column":37},"end":{"line":52,"column":39}}],"line":52},"4":{"loc":{"start":{"line":67,"column":28},"end":{"line":67,"column":38}},"type":"default-arg","locations":[{"start":{"line":67,"column":36},"end":{"line":67,"column":38}}],"line":67},"5":{"loc":{"start":{"line":77,"column":8},"end":{"line":87,"column":9}},"type":"switch","locations":[{"start":{"line":78,"column":12},"end":{"line":80,"column":22}},{"start":{"line":81,"column":12},"end":{"line":83,"column":22}},{"start":{"line":84,"column":12},"end":{"line":86,"column":22}}],"line":77},"6":{"loc":{"start":{"line":103,"column":31},"end":{"line":103,"column":48}},"type":"default-arg","locations":[{"start":{"line":103,"column":46},"end":{"line":103,"column":48}}],"line":103},"7":{"loc":{"start":{"line":115,"column":13},"end":{"line":115,"column":31}},"type":"cond-expr","locations":[{"start":{"line":115,"column":24},"end":{"line":115,"column":27}},{"start":{"line":115,"column":30},"end":{"line":115,"column":31}}],"line":115},"8":{"loc":{"start":{"line":116,"column":16},"end":{"line":116,"column":43}},"type":"cond-expr","locations":[{"start":{"line":116,"column":26},"end":{"line":116,"column":39}},{"start":{"line":116,"column":42},"end":{"line":116,"column":43}}],"line":116},"9":{"loc":{"start":{"line":123,"column":30},"end":{"line":123,"column":43}},"type":"default-arg","locations":[{"start":{"line":123,"column":41},"end":{"line":123,"column":43}}],"line":123},"10":{"loc":{"start":{"line":133,"column":14},"end":{"line":133,"column":34}},"type":"cond-expr","locations":[{"start":{"line":133,"column":26},"end":{"line":133,"column":30}},{"start":{"line":133,"column":33},"end":{"line":133,"column":34}}],"line":133},"11":{"loc":{"start":{"line":134,"column":16},"end":{"line":134,"column":45}},"type":"cond-expr","locations":[{"start":{"line":134,"column":27},"end":{"line":134,"column":41}},{"start":{"line":134,"column":44},"end":{"line":134,"column":45}}],"line":134}},"s":{"0":9,"1":3,"2":2,"3":9,"4":4,"5":3,"6":9,"7":3,"8":2,"9":9,"10":3,"11":2,"12":9,"13":2,"14":2,"15":2,"16":2,"17":2,"18":2,"19":4,"20":4,"21":4,"22":2,"23":2,"24":1,"25":1,"26":1,"27":1,"28":2,"29":2,"30":9,"31":3,"32":3,"33":6,"34":3,"35":3,"36":3,"37":9,"38":3,"39":3,"40":6,"41":3,"42":3,"43":3,"44":9},"f":{"0":3,"1":2,"2":4,"3":3,"4":3,"5":2,"6":3,"7":2,"8":2,"9":4,"10":3,"11":6,"12":3,"13":6},"b":{"0":[0],"1":[0],"2":[0],"3":[0],"4":[0],"5":[2,1,1],"6":[0],"7":[2,1],"8":[1,2],"9":[0],"10":[2,1],"11":[1,2]},"_coverageSchema":"1a1c01bbd47fc00a2c39e90264f33305004495a9","hash":"b265531be0df88562e1b54451fb274af9648e51e"}
,"F:\\PROGRAM\\Assignment2App\\Bachelor_home\\src\\utilis\\hashing.js": {"path":"F:\\PROGRAM\\Assignment2App\\Bachelor_home\\src\\utilis\\hashing.js","statementMap":{"0":{"start":{"line":3,"column":15},"end":{"line":3,"column":34}},"1":{"start":{"line":5,"column":21},"end":{"line":8,"column":1}},"2":{"start":{"line":6,"column":17},"end":{"line":6,"column":48}},"3":{"start":{"line":7,"column":4},"end":{"line":7,"column":38}},"4":{"start":{"line":10,"column":20},"end":{"line":13,"column":1}},"5":{"start":{"line":11,"column":19},"end":{"line":11,"column":50}},"6":{"start":{"line":12,"column":4},"end":{"line":12,"column":18}},"7":{"start":{"line":15,"column":0},"end":{"line":18,"column":2}}},"fnMap":{"0":{"name":"(anonymous_0)","decl":{"start":{"line":5,"column":21},"end":{"line":5,"column":22}},"loc":{"start":{"line":5,"column":56},"end":{"line":8,"column":1}},"line":5},"1":{"name":"(anonymous_1)","decl":{"start":{"line":10,"column":20},"end":{"line":10,"column":21}},"loc":{"start":{"line":10,"column":41},"end":{"line":13,"column":1}},"line":10}},"branchMap":{"0":{"loc":{"start":{"line":5,"column":37},"end":{"line":5,"column":51}},"type":"default-arg","locations":[{"start":{"line":5,"column":49},"end":{"line":5,"column":51}}],"line":5}},"s":{"0":10,"1":10,"2":2,"3":2,"4":10,"5":1,"6":1,"7":10},"f":{"0":2,"1":1},"b":{"0":[2]},"_coverageSchema":"1a1c01bbd47fc00a2c39e90264f33305004495a9","hash":"66f1fac8b45fcd09470afe196831da0098565261"}
,"F:\\PROGRAM\\Assignment2App\\Bachelor_home\\src\\utilis\\pagination.js": {"path":"F:\\PROGRAM\\Assignment2App\\Bachelor_home\\src\\utilis\\pagination.js","statementMap":{"0":{"start":{"line":2,"column":17},"end":{"line":2,"column":46}},"1":{"start":{"line":4,"column":22},"end":{"line":28,"column":1}},"2":{"start":{"line":10,"column":23},"end":{"line":10,"column":53}},"3":{"start":{"line":12,"column":23},"end":{"line":17,"column":5}},"4":{"start":{"line":19,"column":4},"end":{"line":21,"column":5}},"5":{"start":{"line":20,"column":8},"end":{"line":20,"column":40}},"6":{"start":{"line":23,"column":4},"end":{"line":25,"column":5}},"7":{"start":{"line":24,"column":8},"end":{"line":24,"column":40}},"8":{"start":{"line":27,"column":4},"end":{"line":27,"column":22}},"9":{"start":{"line":29,"column":0},"end":{"line":29,"column":30}}},"fnMap":{"0":{"name":"(anonymous_0)","decl":{"start":{"line":4,"column":22},"end":{"line":4,"column":23}},"loc":{"start":{"line":8,"column":5},"end":{"line":28,"column":1}},"line":8}},"branchMap":{"0":{"loc":{"start":{"line":5,"column":4},"end":{"line":5,"column":37}},"type":"default-arg","locations":[{"start":{"line":5,"column":18},"end":{"line":5,"column":37}}],"line":5},"1":{"loc":{"start":{"line":6,"column":4},"end":{"line":6,"column":24}},"type":"default-arg","locations":[{"start":{"line":6,"column":11},"end":{"line":6,"column":24}}],"line":6},"2":{"loc":{"start":{"line":7,"column":4},"end":{"line":7,"column":26}},"type":"default-arg","locations":[{"start":{"line":7,"column":12},"end":{"line":7,"column":26}}],"line":7},"3":{"loc":{"start":{"line":19,"column":4},"end":{"line":21,"column":5}},"type":"if","locations":[{"start":{"line":19,"column":4},"end":{"line":21,"column":5}},{"start":{},"end":{}}],"line":19},"4":{"loc":{"start":{"line":23,"column":4},"end":{"line":25,"column":5}},"type":"if","locations":[{"start":{"line":23,"column":4},"end":{"line":25,"column":5}},{"start":{},"end":{}}],"line":23}},"s":{"0":8,"1":8,"2":8,"3":8,"4":8,"5":1,"6":8,"7":2,"8":8,"9":8},"f":{"0":8},"b":{"0":[6],"1":[0],"2":[0],"3":[1,7],"4":[2,6]},"_coverageSchema":"1a1c01bbd47fc00a2c39e90264f33305004495a9","hash":"782320821ce01782142e64c9214030810573ecba"}
}
