TN:
SF:src\api\v1\adminAuth\controllers\signup.js
FN:6,(anonymous_0)
FNF:1
FNH:1
FNDA:2,(anonymous_0)
DA:3,1
DA:4,1
DA:6,1
DA:7,2
DA:9,2
DA:10,2
DA:14,1
DA:20,1
DA:21,1
DA:23,1
DA:42,1
DA:44,1
DA:48,1
LF:13
LH:13
BRF:0
BRH:0
end_of_record
TN:
SF:src\api\v1\auth\controllers\signin.js
FN:4,(anonymous_0)
FNF:1
FNH:1
FNDA:2,(anonymous_0)
DA:1,1
DA:2,1
DA:4,1
DA:5,2
DA:7,2
DA:8,2
DA:10,1
DA:16,1
DA:17,1
DA:19,1
DA:38,1
DA:40,1
DA:44,1
LF:13
LH:13
BRF:0
BRH:0
end_of_record
TN:
SF:src\api\v1\meals\controllers\create.js
FN:3,(anonymous_0)
FNF:1
FNH:1
FNDA:2,(anonymous_0)
DA:1,1
DA:3,1
DA:4,2
DA:7,2
DA:9,2
DA:10,1
DA:30,1
DA:32,1
DA:36,1
LF:9
LH:9
BRF:0
BRH:0
end_of_record
TN:
SF:src\api\v1\meals\controllers\findAll.js
FN:8,(anonymous_0)
FNF:1
FNH:1
FNDA:2,(anonymous_0)
DA:1,1
DA:2,1
DA:3,1
DA:4,1
DA:5,1
DA:6,1
DA:8,1
DA:10,2
DA:11,2
DA:12,2
DA:13,2
DA:14,2
DA:17,2
DA:18,2
DA:26,2
DA:27,1
DA:30,1
DA:32,1
DA:34,1
DA:37,1
DA:40,1
DA:48,1
DA:50,1
DA:54,1
LF:24
LH:24
BRDA:10,0,0,2
BRDA:10,0,1,0
BRDA:11,1,0,2
BRDA:11,1,1,0
BRDA:12,2,0,2
BRDA:12,2,1,0
BRDA:13,3,0,2
BRDA:13,3,1,0
BRDA:14,4,0,2
BRDA:14,4,1,0
BRDA:26,5,0,1
BRDA:26,5,1,1
BRF:12
BRH:7
end_of_record
TN:
SF:src\api\v1\meals\controllers\findAllOfMember.js
FN:8,(anonymous_0)
FNF:1
FNH:1
FNDA:2,(anonymous_0)
DA:1,1
DA:2,1
DA:3,1
DA:4,1
DA:5,1
DA:6,1
DA:8,1
DA:10,2
DA:11,2
DA:12,2
DA:13,2
DA:16,2
DA:18,2
DA:20,2
DA:27,2
DA:28,1
DA:31,1
DA:33,1
DA:35,1
DA:37,1
DA:38,1
DA:46,1
DA:48,1
DA:52,1
LF:24
LH:24
BRDA:10,0,0,2
BRDA:10,0,1,0
BRDA:11,1,0,2
BRDA:11,1,1,0
BRDA:12,2,0,2
BRDA:12,2,1,0
BRDA:13,3,0,2
BRDA:13,3,1,0
BRDA:27,4,0,1
BRDA:27,4,1,1
BRF:10
BRH:6
end_of_record
TN:
SF:src\api\v1\meals\controllers\findSingle.js
FN:5,(anonymous_0)
FNF:1
FNH:1
FNDA:2,(anonymous_0)
DA:2,1
DA:3,1
DA:5,1
DA:6,2
DA:7,2
DA:10,2
DA:12,1
DA:13,0
DA:15,1
DA:34,1
DA:36,1
DA:40,1
LF:12
LH:11
BRDA:12,0,0,0
BRDA:12,0,1,1
BRF:2
BRH:1
end_of_record
TN:
SF:src\api\v1\meals\controllers\remove.js
FN:4,(anonymous_0)
FNF:1
FNH:1
FNDA:2,(anonymous_0)
DA:2,1
DA:4,1
DA:6,2
DA:7,2
DA:9,2
DA:11,1
DA:16,1
DA:19,1
DA:23,1
LF:9
LH:9
BRF:0
BRH:0
end_of_record
TN:
SF:src\api\v1\meals\controllers\update.js
FN:3,(anonymous_0)
FNF:1
FNH:1
FNDA:1,(anonymous_0)
DA:1,1
DA:3,1
DA:5,1
DA:6,1
DA:9,1
DA:10,1
DA:13,1
DA:15,1
DA:34,1
DA:36,0
DA:40,1
LF:11
LH:10
BRF:0
BRH:0
end_of_record
TN:
SF:src\api\v1\members\controllers\findAll.js
FN:8,(anonymous_0)
FNF:1
FNH:1
FNDA:2,(anonymous_0)
DA:2,1
DA:3,1
DA:4,1
DA:5,1
DA:6,1
DA:7,1
DA:8,1
DA:10,2
DA:11,2
DA:12,2
DA:13,2
DA:14,2
DA:16,2
DA:18,2
DA:25,2
DA:26,1
DA:30,1
DA:32,1
DA:34,1
DA:37,1
DA:39,1
DA:48,1
DA:50,1
DA:54,1
LF:24
LH:24
BRDA:10,0,0,2
BRDA:10,0,1,0
BRDA:11,1,0,2
BRDA:11,1,1,0
BRDA:12,2,0,2
BRDA:12,2,1,0
BRDA:13,3,0,2
BRDA:13,3,1,0
BRDA:14,4,0,2
BRDA:14,4,1,0
BRDA:25,5,0,1
BRDA:25,5,1,1
BRF:12
BRH:7
end_of_record
TN:
SF:src\api\v1\members\controllers\findSingle.js
FN:5,(anonymous_0)
FNF:1
FNH:1
FNDA:2,(anonymous_0)
DA:2,1
DA:3,1
DA:5,1
DA:7,2
DA:8,2
DA:11,2
DA:13,1
DA:14,0
DA:16,1
DA:30,1
DA:32,1
DA:36,1
LF:12
LH:11
BRDA:13,0,0,0
BRDA:13,0,1,1
BRF:2
BRH:1
end_of_record
TN:
SF:src\api\v1\members\controllers\remove.js
FN:4,(anonymous_0)
FNF:1
FNH:1
FNDA:2,(anonymous_0)
DA:1,1
DA:2,1
DA:4,1
DA:6,2
DA:7,2
DA:9,2
DA:11,1
DA:16,1
DA:18,1
DA:22,1
LF:10
LH:10
BRF:0
BRH:0
end_of_record
TN:
SF:src\api\v1\members\controllers\update.js
FN:3,(anonymous_0)
FNF:1
FNH:1
FNDA:1,(anonymous_0)
DA:1,1
DA:3,1
DA:5,1
DA:6,1
DA:7,1
DA:8,1
DA:9,1
DA:11,1
DA:13,1
DA:28,1
DA:30,0
DA:34,1
LF:12
LH:11
BRF:0
BRH:0
end_of_record
TN:
SF:src\api\v1\notices\controllers\create.js
FN:6,(anonymous_0)
FNF:1
FNH:1
FNDA:2,(anonymous_0)
DA:3,1
DA:6,1
DA:7,2
DA:10,2
DA:11,2
DA:13,1
DA:31,1
DA:33,1
DA:37,1
LF:9
LH:9
BRF:0
BRH:0
end_of_record
TN:
SF:src\api\v1\notices\controllers\findAll.js
FN:8,(anonymous_0)
FNF:1
FNH:1
FNDA:2,(anonymous_0)
DA:1,1
DA:2,1
DA:3,1
DA:4,1
DA:5,1
DA:6,1
DA:8,1
DA:11,2
DA:12,2
DA:13,2
DA:14,2
DA:15,2
DA:17,2
DA:19,2
DA:26,2
DA:27,1
DA:31,1
DA:33,1
DA:35,1
DA:38,1
DA:41,1
DA:49,1
DA:51,1
DA:55,1
LF:24
LH:24
BRDA:11,0,0,2
BRDA:11,0,1,0
BRDA:12,1,0,2
BRDA:12,1,1,0
BRDA:13,2,0,2
BRDA:13,2,1,0
BRDA:14,3,0,2
BRDA:14,3,1,0
BRDA:15,4,0,2
BRDA:15,4,1,0
BRDA:26,5,0,1
BRDA:26,5,1,1
BRF:12
BRH:7
end_of_record
TN:
SF:src\api\v1\notices\controllers\findSingle.js
FN:4,(anonymous_0)
FNF:1
FNH:1
FNDA:2,(anonymous_0)
DA:1,1
DA:2,1
DA:4,1
DA:6,2
DA:8,2
DA:9,2
DA:11,1
DA:12,0
DA:15,1
DA:33,1
DA:35,1
DA:39,1
LF:12
LH:11
BRDA:11,0,0,0
BRDA:11,0,1,1
BRF:2
BRH:1
end_of_record
TN:
SF:src\api\v1\notices\controllers\remove.js
FN:3,(anonymous_0)
FNF:1
FNH:1
FNDA:2,(anonymous_0)
DA:1,1
DA:3,1
DA:5,2
DA:8,2
DA:9,2
DA:10,1
DA:12,1
DA:17,1
DA:20,1
DA:24,1
LF:10
LH:10
BRDA:10,0,0,1
BRDA:10,0,1,0
BRF:2
BRH:1
end_of_record
TN:
SF:src\api\v1\notices\controllers\update.js
FN:3,(anonymous_0)
FNF:1
FNH:1
FNDA:1,(anonymous_0)
DA:1,1
DA:3,1
DA:4,1
DA:5,1
DA:8,1
DA:9,1
DA:12,1
DA:14,1
DA:31,1
DA:33,0
DA:37,1
LF:11
LH:10
BRF:0
BRH:0
end_of_record
TN:
SF:src\api\v1\products\controllers\create.js
FN:5,(anonymous_0)
FNF:1
FNH:1
FNDA:2,(anonymous_0)
DA:3,1
DA:5,1
DA:7,2
DA:10,2
DA:11,2
DA:13,1
DA:32,1
DA:34,1
DA:38,1
LF:9
LH:9
BRF:0
BRH:0
end_of_record
TN:
SF:src\api\v1\products\controllers\findAll.js
FN:9,(anonymous_0)
FNF:1
FNH:1
FNDA:2,(anonymous_0)
DA:2,1
DA:3,1
DA:4,1
DA:5,1
DA:6,1
DA:7,1
DA:9,1
DA:11,2
DA:12,2
DA:13,2
DA:14,2
DA:15,2
DA:17,2
DA:19,2
DA:27,2
DA:28,1
DA:31,1
DA:33,1
DA:35,1
DA:38,1
DA:41,1
DA:49,1
DA:51,1
DA:55,1
LF:24
LH:24
BRDA:11,0,0,2
BRDA:11,0,1,0
BRDA:12,1,0,2
BRDA:12,1,1,0
BRDA:13,2,0,2
BRDA:13,2,1,0
BRDA:14,3,0,2
BRDA:14,3,1,0
BRDA:15,4,0,2
BRDA:15,4,1,0
BRDA:27,5,0,1
BRDA:27,5,1,1
BRF:12
BRH:7
end_of_record
TN:
SF:src\api\v1\products\controllers\findSingle.js
FN:5,(anonymous_0)
FNF:1
FNH:1
FNDA:2,(anonymous_0)
DA:2,1
DA:3,1
DA:5,1
DA:7,2
DA:9,2
DA:10,2
DA:12,1
DA:13,0
DA:16,1
DA:34,1
DA:36,1
DA:40,1
LF:12
LH:11
BRDA:12,0,0,0
BRDA:12,0,1,1
BRF:2
BRH:1
end_of_record
TN:
SF:src\api\v1\products\controllers\remove.js
FN:4,(anonymous_0)
FNF:1
FNH:1
FNDA:2,(anonymous_0)
DA:2,1
DA:4,1
DA:6,2
DA:8,2
DA:10,2
DA:11,1
DA:13,1
DA:18,1
DA:21,1
DA:25,1
LF:10
LH:10
BRDA:11,0,0,1
BRDA:11,0,1,0
BRF:2
BRH:1
end_of_record
TN:
SF:src\api\v1\products\controllers\update.js
FN:3,(anonymous_0)
FNF:1
FNH:1
FNDA:1,(anonymous_0)
DA:2,1
DA:3,1
DA:5,1
DA:6,1
DA:9,1
DA:10,1
DA:13,1
DA:15,1
DA:21,1
DA:23,0
DA:27,1
LF:11
LH:10
BRF:0
BRH:0
end_of_record
TN:
SF:src\api\v1\reports\controllers\homeReports.js
FN:8,(anonymous_0)
FNF:1
FNH:1
FNDA:2,(anonymous_0)
DA:2,1
DA:3,1
DA:4,1
DA:5,1
DA:8,1
DA:10,2
DA:11,2
DA:13,2
DA:17,2
DA:25,1
DA:31,1
DA:32,1
DA:51,1
DA:53,1
DA:57,1
LF:15
LH:15
BRDA:10,0,0,2
BRDA:10,0,1,0
BRDA:11,1,0,2
BRDA:11,1,1,0
BRF:4
BRH:2
end_of_record
TN:
SF:src\api\v1\reports\controllers\singleMemberReport.js
FN:9,(anonymous_0)
FNF:1
FNH:1
FNDA:2,(anonymous_0)
DA:1,1
DA:2,1
DA:3,1
DA:5,1
DA:6,1
DA:7,1
DA:9,1
DA:11,2
DA:12,2
DA:13,2
DA:15,2
DA:20,2
DA:22,1
DA:23,1
DA:25,1
DA:42,1
DA:44,1
DA:48,1
LF:18
LH:18
BRDA:12,0,0,2
BRDA:12,0,1,0
BRDA:13,1,0,2
BRDA:13,1,1,0
BRF:4
BRH:2
end_of_record
TN:
SF:src\api\v1\token\controllers\tokenGenerate.js
FN:6,(anonymous_0)
FNF:1
FNH:1
FNDA:2,(anonymous_0)
DA:2,1
DA:4,1
DA:5,1
DA:6,1
DA:8,2
DA:10,2
DA:12,2
DA:15,1
DA:16,1
DA:22,1
DA:23,1
DA:25,1
DA:37,1
DA:39,1
DA:43,1
LF:15
LH:15
BRF:0
BRH:0
end_of_record
TN:
SF:src\api\v1\transections\controllers\create.js
FN:4,(anonymous_0)
FNF:1
FNH:1
FNDA:2,(anonymous_0)
DA:2,1
DA:4,1
DA:5,2
DA:6,2
DA:8,2
DA:10,2
DA:12,1
DA:25,1
DA:27,1
DA:31,1
LF:10
LH:10
BRF:0
BRH:0
end_of_record
TN:
SF:src\api\v1\transections\controllers\findAllOfMember.js
FN:10,(anonymous_0)
FNF:1
FNH:1
FNDA:2,(anonymous_0)
DA:3,1
DA:4,1
DA:5,1
DA:6,1
DA:7,1
DA:8,1
DA:10,1
DA:12,2
DA:13,2
DA:14,2
DA:15,2
DA:17,2
DA:20,2
DA:22,2
DA:29,2
DA:30,1
DA:34,1
DA:36,1
DA:39,1
DA:44,1
DA:52,1
DA:54,1
DA:58,1
LF:23
LH:23
BRDA:12,0,0,2
BRDA:12,0,1,0
BRDA:13,1,0,2
BRDA:13,1,1,0
BRDA:14,2,0,2
BRDA:14,2,1,0
BRDA:15,3,0,2
BRDA:15,3,1,0
BRDA:29,4,0,1
BRDA:29,4,1,1
BRF:10
BRH:6
end_of_record
TN:
SF:src\api\v1\transections\controllers\findSingle.js
FN:5,(anonymous_0)
FNF:1
FNH:1
FNDA:2,(anonymous_0)
DA:3,1
DA:5,1
DA:7,2
DA:9,2
DA:11,2
DA:13,1
DA:31,1
DA:33,1
DA:37,1
LF:9
LH:9
BRF:0
BRH:0
end_of_record
TN:
SF:src\api\v1\transections\controllers\update.js
FN:5,(anonymous_0)
FNF:1
FNH:1
FNDA:1,(anonymous_0)
DA:3,1
DA:5,1
DA:6,1
DA:7,1
DA:9,1
DA:11,1
DA:13,1
DA:22,1
DA:24,0
DA:28,1
LF:10
LH:9
BRF:0
BRH:0
end_of_record
TN:
SF:src\config\defaults.js
FNF:0
FNH:0
DA:4,18
DA:15,18
LF:2
LH:2
BRF:0
BRH:0
end_of_record
TN:
SF:src\lib\auth\index.js
FN:8,(anonymous_0)
FN:25,(anonymous_1)
FNF:2
FNH:1
FNDA:0,(anonymous_0)
FNDA:3,(anonymous_1)
DA:3,2
DA:4,2
DA:5,2
DA:8,2
DA:10,0
DA:12,0
DA:13,0
DA:16,0
DA:20,0
DA:22,0
DA:25,2
DA:27,3
DA:28,3
DA:29,1
DA:32,2
DA:33,2
DA:34,1
DA:37,1
DA:40,2
LF:19
LH:13
BRDA:12,0,0,0
BRDA:12,0,1,0
BRDA:28,1,0,1
BRDA:28,1,1,2
BRDA:33,2,0,1
BRDA:33,2,1,1
BRF:6
BRH:4
end_of_record
TN:
SF:src\lib\meals\index.js
FN:5,(anonymous_0)
FN:16,(anonymous_1)
FN:24,(anonymous_2)
FN:34,(anonymous_3)
FN:56,(anonymous_4)
FN:63,(anonymous_5)
FN:82,(anonymous_6)
FN:105,(anonymous_7)
FN:111,(anonymous_8)
FN:117,(anonymous_9)
FNF:10
FNH:7
FNDA:2,(anonymous_0)
FNDA:1,(anonymous_1)
FNDA:0,(anonymous_2)
FNDA:1,(anonymous_3)
FNDA:2,(anonymous_4)
FNDA:1,(anonymous_5)
FNDA:2,(anonymous_6)
FNDA:0,(anonymous_7)
FNDA:0,(anonymous_8)
FNDA:1,(anonymous_9)
DA:2,9
DA:3,9
DA:5,9
DA:7,2
DA:8,2
DA:9,0
DA:11,2
DA:12,2
DA:13,2
DA:16,9
DA:17,1
DA:21,1
DA:24,9
DA:26,0
DA:27,0
DA:28,0
DA:30,0
DA:34,9
DA:41,1
DA:42,1
DA:46,1
DA:52,1
DA:56,9
DA:58,2
DA:59,2
DA:63,9
DA:65,1
DA:66,1
DA:68,1
DA:71,0
DA:72,0
DA:73,0
DA:74,0
DA:76,0
DA:77,0
DA:82,9
DA:84,2
DA:86,2
DA:87,1
DA:90,1
DA:91,1
DA:92,0
DA:93,0
DA:95,0
DA:100,1
DA:105,9
DA:106,0
DA:109,0
DA:111,9
DA:112,0
DA:115,0
DA:117,9
DA:126,1
DA:127,1
DA:133,1
DA:136,9
LF:56
LH:38
BRDA:8,0,0,0
BRDA:8,0,1,2
BRDA:16,1,0,0
BRDA:27,2,0,0
BRDA:27,2,1,0
BRDA:35,3,0,0
BRDA:36,4,0,0
BRDA:37,5,0,0
BRDA:38,6,0,0
BRDA:39,7,0,0
BRDA:41,8,0,0
BRDA:41,8,1,1
BRDA:66,9,0,1
BRDA:66,9,1,0
BRDA:71,10,0,0
BRDA:71,10,1,0
BRDA:72,11,0,0
BRDA:72,11,1,0
BRDA:73,12,0,0
BRDA:73,12,1,0
BRDA:74,13,0,0
BRDA:74,13,1,0
BRDA:86,14,0,1
BRDA:86,14,1,1
BRDA:92,15,0,0
BRDA:92,15,1,0
BRDA:118,16,0,0
BRDA:119,17,0,0
BRDA:120,18,0,0
BRDA:121,19,0,0
BRDA:126,20,0,0
BRDA:126,20,1,1
BRF:32
BRH:6
end_of_record
TN:
SF:src\lib\members\index.js
FN:7,(anonymous_0)
FN:12,(anonymous_1)
FN:18,(anonymous_2)
FN:33,(anonymous_3)
FN:39,(anonymous_4)
FN:47,(anonymous_5)
FN:68,(anonymous_6)
FN:74,(anonymous_7)
FN:85,(anonymous_8)
FN:97,(anonymous_9)
FN:113,(anonymous_10)
FNF:11
FNH:9
FNDA:4,(anonymous_0)
FNDA:2,(anonymous_1)
FNDA:1,(anonymous_2)
FNDA:1,(anonymous_3)
FNDA:1,(anonymous_4)
FNDA:2,(anonymous_5)
FNDA:4,(anonymous_6)
FNDA:2,(anonymous_7)
FNDA:1,(anonymous_8)
FNDA:0,(anonymous_9)
FNDA:0,(anonymous_10)
DA:2,9
DA:3,9
DA:4,9
DA:5,9
DA:7,9
DA:8,4
DA:9,4
DA:12,9
DA:13,2
DA:14,2
DA:18,9
DA:19,1
DA:20,1
DA:22,1
DA:23,1
DA:25,0
DA:28,0
DA:29,0
DA:33,9
DA:34,1
DA:35,1
DA:36,1
DA:39,9
DA:40,1
DA:44,1
DA:47,9
DA:54,2
DA:55,2
DA:59,2
DA:64,2
DA:68,9
DA:70,4
DA:71,4
DA:74,9
DA:76,2
DA:78,2
DA:79,1
DA:83,1
DA:85,1
DA:87,1
DA:88,1
DA:92,1
DA:93,1
DA:97,9
DA:99,0
DA:101,0
DA:102,0
DA:105,0
DA:106,0
DA:109,0
DA:113,9
DA:115,0
DA:117,0
DA:118,0
DA:120,0
DA:122,0
DA:123,0
DA:125,0
DA:127,0
DA:128,0
DA:131,0
DA:132,0
DA:133,0
DA:134,0
DA:137,9
LF:65
LH:43
BRDA:9,0,0,2
BRDA:9,0,1,2
BRDA:14,1,0,1
BRDA:14,1,1,1
BRDA:22,2,0,1
BRDA:22,2,1,0
BRDA:39,3,0,0
BRDA:48,4,0,0
BRDA:49,5,0,0
BRDA:50,6,0,0
BRDA:51,7,0,0
BRDA:52,8,0,0
BRDA:54,9,0,0
BRDA:54,9,1,2
BRDA:78,10,0,1
BRDA:78,10,1,1
BRDA:87,11,0,1
BRDA:87,11,1,0
BRDA:101,12,0,0
BRDA:101,12,1,0
BRDA:117,13,0,0
BRDA:117,13,1,0
BRDA:122,14,0,0
BRDA:122,14,1,0
BRDA:127,15,0,0
BRDA:127,15,1,0
BRF:26
BRH:9
end_of_record
TN:
SF:src\lib\notices\index.js
FN:8,(anonymous_0)
FN:15,(anonymous_1)
FN:25,(anonymous_2)
FN:48,(anonymous_3)
FN:55,(anonymous_4)
FN:66,(anonymous_5)
FN:81,(anonymous_6)
FNF:7
FNH:7
FNDA:1,(anonymous_0)
FNDA:1,(anonymous_1)
FNDA:2,(anonymous_2)
FNDA:4,(anonymous_3)
FNDA:2,(anonymous_4)
FNDA:1,(anonymous_5)
FNDA:2,(anonymous_6)
DA:4,6
DA:6,6
DA:8,6
DA:10,1
DA:11,1
DA:12,1
DA:15,6
DA:16,1
DA:20,1
DA:25,6
DA:33,2
DA:34,2
DA:38,2
DA:44,2
DA:48,6
DA:50,4
DA:51,4
DA:55,6
DA:58,2
DA:60,2
DA:61,1
DA:64,1
DA:66,1
DA:68,1
DA:69,1
DA:70,1
DA:75,1
DA:76,1
DA:81,6
DA:83,2
DA:85,2
DA:86,1
DA:89,1
DA:90,1
DA:91,0
DA:95,1
DA:102,6
LF:37
LH:36
BRDA:15,0,0,0
BRDA:26,1,0,0
BRDA:27,2,0,0
BRDA:28,3,0,0
BRDA:29,4,0,0
BRDA:30,5,0,0
BRDA:33,6,0,0
BRDA:33,6,1,2
BRDA:60,7,0,1
BRDA:60,7,1,1
BRDA:68,8,0,1
BRDA:68,8,1,0
BRDA:69,9,0,1
BRDA:69,9,1,0
BRDA:85,10,0,1
BRDA:85,10,1,1
BRF:16
BRH:7
end_of_record
TN:
SF:src\lib\products\index.js
FN:6,(anonymous_0)
FN:13,(anonymous_1)
FN:23,(anonymous_2)
FN:46,(anonymous_3)
FN:53,(anonymous_4)
FN:64,(anonymous_5)
FN:79,(anonymous_6)
FN:98,(anonymous_7)
FNF:8
FNH:6
FNDA:1,(anonymous_0)
FNDA:1,(anonymous_1)
FNDA:1,(anonymous_2)
FNDA:4,(anonymous_3)
FNDA:1,(anonymous_4)
FNDA:0,(anonymous_5)
FNDA:2,(anonymous_6)
FNDA:0,(anonymous_7)
DA:2,8
DA:4,8
DA:6,8
DA:8,1
DA:9,1
DA:10,1
DA:13,8
DA:14,1
DA:18,1
DA:23,8
DA:31,1
DA:32,1
DA:36,1
DA:42,1
DA:46,8
DA:48,4
DA:49,4
DA:53,8
DA:56,1
DA:58,1
DA:59,1
DA:62,0
DA:64,0
DA:66,0
DA:67,0
DA:68,0
DA:73,0
DA:74,0
DA:79,8
DA:81,2
DA:83,2
DA:84,1
DA:87,1
DA:88,1
DA:89,0
DA:93,1
DA:98,8
DA:100,0
DA:101,0
DA:104,8
LF:40
LH:30
BRDA:13,0,0,0
BRDA:24,1,0,0
BRDA:25,2,0,0
BRDA:26,3,0,0
BRDA:27,4,0,0
BRDA:28,5,0,0
BRDA:31,6,0,0
BRDA:31,6,1,1
BRDA:58,7,0,1
BRDA:58,7,1,0
BRDA:66,8,0,0
BRDA:66,8,1,0
BRDA:67,9,0,0
BRDA:67,9,1,0
BRDA:83,10,0,1
BRDA:83,10,1,1
BRF:16
BRH:4
end_of_record
TN:
SF:src\lib\reports\index.js
FN:8,(anonymous_0)
FN:38,(anonymous_1)
FNF:2
FNH:0
FNDA:0,(anonymous_0)
FNDA:0,(anonymous_1)
DA:1,2
DA:2,2
DA:3,2
DA:4,2
DA:5,2
DA:6,2
DA:8,2
DA:10,0
DA:11,0
DA:12,0
DA:15,0
DA:16,0
DA:17,0
DA:19,0
DA:21,0
DA:22,0
DA:25,0
DA:26,0
DA:27,0
DA:31,0
DA:38,2
DA:41,0
DA:42,0
DA:43,0
DA:45,0
DA:47,0
DA:48,0
DA:51,0
DA:52,0
DA:53,0
DA:55,0
DA:62,2
LF:32
LH:9
BRDA:8,0,0,0
BRDA:8,1,0,0
BRDA:11,2,0,0
BRDA:11,2,1,0
BRDA:21,3,0,0
BRDA:21,3,1,0
BRDA:26,4,0,0
BRDA:26,4,1,0
BRDA:38,5,0,0
BRDA:38,6,0,0
BRDA:47,7,0,0
BRDA:47,7,1,0
BRDA:52,8,0,0
BRDA:52,8,1,0
BRF:14
BRH:0
end_of_record
TN:
SF:src\lib\token\index.js
FN:6,(anonymous_0)
FN:23,(anonymous_1)
FN:35,(anonymous_2)
FNF:3
FNH:3
FNDA:2,(anonymous_0)
FNDA:2,(anonymous_1)
FNDA:2,(anonymous_2)
DA:1,2
DA:3,2
DA:4,2
DA:6,2
DA:12,2
DA:13,2
DA:18,0
DA:19,0
DA:23,2
DA:24,2
DA:25,2
DA:26,2
DA:27,1
DA:29,1
DA:31,1
DA:35,2
DA:40,2
DA:41,2
DA:44,1
DA:48,2
LF:20
LH:18
BRDA:8,0,0,1
BRDA:9,1,0,0
BRDA:10,2,0,1
BRDA:23,3,0,2
BRDA:26,4,0,1
BRDA:26,4,1,1
BRDA:37,5,0,2
BRDA:38,6,0,1
BRF:8
BRH:7
end_of_record
TN:
SF:src\lib\transections\index.js
FN:4,(anonymous_0)
FN:14,(anonymous_1)
FN:24,(anonymous_2)
FN:38,(anonymous_3)
FN:43,(anonymous_4)
FN:50,(anonymous_5)
FNF:6
FNH:6
FNDA:3,(anonymous_0)
FNDA:2,(anonymous_1)
FNDA:1,(anonymous_2)
FNDA:1,(anonymous_3)
FNDA:1,(anonymous_4)
FNDA:1,(anonymous_5)
DA:1,7
DA:2,7
DA:4,7
DA:6,3
DA:7,3
DA:9,3
DA:14,7
DA:16,2
DA:17,2
DA:18,1
DA:20,1
DA:24,7
DA:27,1
DA:28,1
DA:29,1
DA:31,0
DA:33,0
DA:34,0
DA:38,7
DA:39,1
DA:43,7
DA:44,1
DA:47,1
DA:50,7
DA:59,1
DA:60,1
DA:66,1
DA:69,7
LF:28
LH:25
BRDA:17,0,0,1
BRDA:17,0,1,1
BRDA:28,1,0,1
BRDA:28,1,1,0
BRDA:51,2,0,0
BRDA:52,3,0,0
BRDA:53,4,0,0
BRDA:54,5,0,0
BRDA:59,6,0,0
BRDA:59,6,1,1
BRF:10
BRH:4
end_of_record
TN:
SF:src\middleware\auth\authenticate.js
FN:5,(anonymous_0)
FNF:1
FNH:1
FNDA:4,(anonymous_0)
DA:1,1
DA:2,1
DA:3,1
DA:5,1
DA:6,4
DA:8,4
DA:10,1
DA:11,1
DA:13,1
DA:14,1
DA:16,1
DA:17,0
DA:20,1
DA:21,1
DA:23,0
DA:27,1
LF:16
LH:14
BRDA:8,0,0,3
BRDA:8,0,1,1
BRDA:8,1,0,4
BRDA:8,1,1,4
BRDA:16,2,0,0
BRDA:16,2,1,1
BRF:6
BRH:5
end_of_record
TN:
SF:src\middleware\auth\authorize.js
FN:3,(anonymous_0)
FNF:1
FNH:1
FNDA:2,(anonymous_0)
DA:1,1
DA:3,1
DA:4,2
DA:5,2
DA:6,1
DA:8,1
DA:12,1
LF:7
LH:7
BRDA:5,0,0,1
BRDA:5,0,1,1
BRF:2
BRH:2
end_of_record
TN:
SF:src\model\Meal.js
FNF:0
FNH:0
DA:3,10
DA:4,10
DA:6,10
DA:37,10
DA:39,10
LF:5
LH:5
BRF:0
BRH:0
end_of_record
TN:
SF:src\model\Member.js
FNF:0
FNH:0
DA:1,9
DA:3,9
DA:37,9
DA:38,9
LF:4
LH:4
BRF:0
BRH:0
end_of_record
TN:
SF:src\model\Notice.js
FNF:0
FNH:0
DA:2,6
DA:3,6
DA:5,6
DA:22,6
DA:24,6
LF:5
LH:5
BRF:0
BRH:0
end_of_record
TN:
SF:src\model\Product.js
FNF:0
FNH:0
DA:5,8
DA:6,8
DA:8,8
DA:32,8
DA:34,8
LF:5
LH:5
BRF:0
BRH:0
end_of_record
TN:
SF:src\model\Transection.js
FNF:0
FNH:0
DA:2,7
DA:3,7
DA:5,7
DA:20,7
DA:22,7
LF:5
LH:5
BRF:0
BRH:0
end_of_record
TN:
SF:src\utilis\Heteoas.js
FN:1,(anonymous_0)
FN:4,(anonymous_1)
FN:9,(anonymous_2)
FNF:3
FNH:1
FNDA:0,(anonymous_0)
FNDA:0,(anonymous_1)
FNDA:6,(anonymous_2)
DA:1,7
DA:2,0
DA:4,0
DA:9,7
DA:11,6
DA:15,6
DA:16,0
DA:17,0
DA:19,6
DA:20,0
DA:21,0
DA:23,6
DA:26,7
LF:13
LH:7
BRDA:9,0,0,6
BRDA:9,1,0,6
BRDA:9,2,0,0
BRDA:9,3,0,0
BRDA:15,4,0,0
BRDA:15,4,1,6
BRDA:19,5,0,0
BRDA:19,5,1,6
BRF:8
BRH:4
end_of_record
TN:
SF:src\utilis\error.js
FN:3,(anonymous_0)
FN:9,(anonymous_1)
FN:15,(anonymous_2)
FN:21,(anonymous_3)
FN:27,(anonymous_4)
FN:33,(anonymous_5)
FNF:6
FNH:6
FNDA:9,(anonymous_0)
FNDA:6,(anonymous_1)
FNDA:2,(anonymous_2)
FNDA:7,(anonymous_3)
FNDA:9,(anonymous_4)
FNDA:4,(anonymous_5)
DA:3,56
DA:4,9
DA:5,9
DA:6,9
DA:9,56
DA:11,6
DA:12,6
DA:13,6
DA:15,56
DA:17,2
DA:18,2
DA:19,2
DA:21,56
DA:22,7
DA:23,7
DA:24,7
DA:27,56
DA:28,9
DA:29,9
DA:30,9
DA:33,56
DA:34,4
DA:35,4
DA:36,4
DA:39,56
LF:25
LH:25
BRDA:3,0,0,0
BRDA:9,1,0,1
BRDA:15,2,0,1
BRDA:21,3,0,4
BRDA:27,4,0,7
BRDA:33,5,0,3
BRF:6
BRH:5
end_of_record
TN:
SF:src\utilis\generateResponse.js
FN:3,(anonymous_0)
FN:5,(anonymous_1)
FN:18,(anonymous_2)
FN:20,(anonymous_3)
FN:36,(anonymous_4)
FN:38,(anonymous_5)
FN:52,(anonymous_6)
FN:54,(anonymous_7)
FN:67,(anonymous_8)
FN:73,(anonymous_9)
FN:103,(anonymous_10)
FN:107,(anonymous_11)
FN:123,(anonymous_12)
FN:126,(anonymous_13)
FNF:14
FNH:14
FNDA:3,(anonymous_0)
FNDA:2,(anonymous_1)
FNDA:4,(anonymous_2)
FNDA:3,(anonymous_3)
FNDA:3,(anonymous_4)
FNDA:2,(anonymous_5)
FNDA:3,(anonymous_6)
FNDA:2,(anonymous_7)
FNDA:2,(anonymous_8)
FNDA:4,(anonymous_9)
FNDA:3,(anonymous_10)
FNDA:6,(anonymous_11)
FNDA:3,(anonymous_12)
FNDA:6,(anonymous_13)
DA:3,9
DA:5,3
DA:6,2
DA:18,9
DA:20,4
DA:21,3
DA:36,9
DA:38,3
DA:39,2
DA:52,9
DA:54,3
DA:55,2
DA:67,9
DA:68,2
DA:69,2
DA:70,2
DA:71,2
DA:72,2
DA:73,2
DA:74,4
DA:75,4
DA:77,4
DA:79,2
DA:80,2
DA:82,1
DA:83,1
DA:85,1
DA:86,1
DA:91,2
DA:99,2
DA:103,9
DA:106,3
DA:107,3
DA:108,6
DA:111,3
DA:112,3
DA:119,3
DA:123,9
DA:125,3
DA:126,3
DA:127,6
DA:130,3
DA:131,3
DA:137,3
DA:140,9
LF:45
LH:45
BRDA:3,0,0,0
BRDA:18,1,0,0
BRDA:36,2,0,0
BRDA:52,3,0,0
BRDA:67,4,0,0
BRDA:77,5,0,2
BRDA:77,5,1,1
BRDA:77,5,2,1
BRDA:103,6,0,0
BRDA:115,7,0,2
BRDA:115,7,1,1
BRDA:116,8,0,1
BRDA:116,8,1,2
BRDA:123,9,0,0
BRDA:133,10,0,2
BRDA:133,10,1,1
BRDA:134,11,0,1
BRDA:134,11,1,2
BRF:18
BRH:11
end_of_record
TN:
SF:src\utilis\hashing.js
FN:5,(anonymous_0)
FN:10,(anonymous_1)
FNF:2
FNH:2
FNDA:2,(anonymous_0)
FNDA:1,(anonymous_1)
DA:3,10
DA:5,10
DA:6,2
DA:7,2
DA:10,10
DA:11,1
DA:12,1
DA:15,10
LF:8
LH:8
BRDA:5,0,0,2
BRF:1
BRH:1
end_of_record
TN:
SF:src\utilis\pagination.js
FN:4,(anonymous_0)
FNF:1
FNH:1
FNDA:8,(anonymous_0)
DA:2,8
DA:4,8
DA:10,8
DA:12,8
DA:19,8
DA:20,1
DA:23,8
DA:24,2
DA:27,8
DA:29,8
LF:10
LH:10
BRDA:5,0,0,6
BRDA:6,1,0,0
BRDA:7,2,0,0
BRDA:19,3,0,1
BRDA:19,3,1,7
BRDA:23,4,0,2
BRDA:23,4,1,6
BRF:7
BRH:5
end_of_record
