TN:
SF:src\app.js
FN:15,(anonymous_0)
FN:21,(anonymous_1)
FN:28,(anonymous_2)
FNF:3
FNH:0
FNDA:0,(anonymous_0)
FNDA:0,(anonymous_1)
FNDA:0,(anonymous_2)
DA:1,1
DA:2,1
DA:3,1
DA:4,1
DA:5,1
DA:7,1
DA:11,1
DA:12,1
DA:13,1
DA:15,1
DA:18,0
DA:21,1
DA:22,0
DA:23,0
DA:24,0
DA:26,0
DA:28,1
DA:29,0
DA:30,0
DA:36,1
LF:20
LH:13
BRDA:30,0,0,0
BRDA:30,0,1,0
BRF:2
BRH:0
end_of_record
TN:
SF:src\api\v1\adminAuth\controllers\signup.js
FN:7,(anonymous_0)
FNF:1
FNH:1
FNDA:3,(anonymous_0)
DA:2,2
DA:3,2
DA:4,2
DA:5,2
DA:7,2
DA:8,3
DA:10,3
DA:18,3
DA:22,2
DA:28,2
DA:29,2
DA:31,2
DA:50,2
DA:52,1
DA:56,2
LF:15
LH:15
BRF:0
BRH:0
end_of_record
TN:
SF:src\api\v1\auth\controllers\signin.js
FN:5,(anonymous_0)
FNF:1
FNH:1
FNDA:2,(anonymous_0)
DA:1,2
DA:2,2
DA:3,2
DA:5,2
DA:6,2
DA:8,2
DA:15,2
DA:18,1
DA:24,1
DA:25,1
DA:27,1
DA:46,1
DA:48,1
DA:52,2
LF:14
LH:14
BRF:0
BRH:0
end_of_record
TN:
SF:src\api\v1\auth\controllers\signup.js
FN:7,(anonymous_0)
FNF:1
FNH:0
FNDA:0,(anonymous_0)
DA:1,1
DA:4,1
DA:5,1
DA:7,1
DA:8,0
DA:10,0
DA:16,0
DA:20,0
DA:26,0
DA:27,0
DA:29,0
DA:48,0
DA:50,0
DA:54,1
LF:14
LH:5
BRF:0
BRH:0
end_of_record
TN:
SF:src\api\v1\meals\controllers\create.js
FN:4,(anonymous_0)
FNF:1
FNH:1
FNDA:2,(anonymous_0)
DA:1,2
DA:2,2
DA:4,2
DA:5,2
DA:8,2
DA:14,2
DA:15,1
DA:35,1
DA:37,1
DA:41,2
LF:10
LH:10
BRF:0
BRH:0
end_of_record
TN:
SF:src\api\v1\notices\controllers\create.js
FN:6,(anonymous_0)
FNF:1
FNH:1
FNDA:2,(anonymous_0)
DA:3,2
DA:4,2
DA:6,2
DA:7,2
DA:10,2
DA:17,2
DA:19,1
DA:37,1
DA:39,1
DA:43,2
LF:10
LH:10
BRF:0
BRH:0
end_of_record
TN:
SF:src\api\v1\products\controllers\create.js
FN:5,(anonymous_0)
FNF:1
FNH:1
FNDA:2,(anonymous_0)
DA:3,2
DA:4,2
DA:5,2
DA:7,2
DA:10,2
DA:17,2
DA:19,1
DA:38,1
DA:40,1
DA:44,2
LF:10
LH:10
BRF:0
BRH:0
end_of_record
TN:
SF:src\lib\meals\index.js
FN:5,(anonymous_0)
FN:16,(anonymous_1)
FN:24,(anonymous_2)
FN:34,(anonymous_3)
FN:56,(anonymous_4)
FN:63,(anonymous_5)
FN:82,(anonymous_6)
FN:105,(anonymous_7)
FN:111,(anonymous_8)
FN:117,(anonymous_9)
FNF:10
FNH:7
FNDA:2,(anonymous_0)
FNDA:1,(anonymous_1)
FNDA:0,(anonymous_2)
FNDA:1,(anonymous_3)
FNDA:2,(anonymous_4)
FNDA:1,(anonymous_5)
FNDA:2,(anonymous_6)
FNDA:0,(anonymous_7)
FNDA:0,(anonymous_8)
FNDA:1,(anonymous_9)
DA:2,10
DA:3,10
DA:5,10
DA:7,2
DA:8,2
DA:9,0
DA:11,2
DA:12,2
DA:13,2
DA:16,10
DA:17,1
DA:21,1
DA:24,10
DA:26,0
DA:27,0
DA:28,0
DA:30,0
DA:34,10
DA:41,1
DA:42,1
DA:46,1
DA:52,1
DA:56,10
DA:58,2
DA:59,2
DA:63,10
DA:65,1
DA:66,1
DA:68,1
DA:71,0
DA:72,0
DA:73,0
DA:74,0
DA:76,0
DA:77,0
DA:82,10
DA:84,2
DA:86,2
DA:87,1
DA:90,1
DA:91,1
DA:92,0
DA:93,0
DA:95,0
DA:100,1
DA:105,10
DA:106,0
DA:109,0
DA:111,10
DA:112,0
DA:115,0
DA:117,10
DA:126,1
DA:127,1
DA:133,1
DA:136,10
LF:56
LH:38
BRDA:8,0,0,0
BRDA:8,0,1,2
BRDA:16,1,0,0
BRDA:27,2,0,0
BRDA:27,2,1,0
BRDA:35,3,0,0
BRDA:36,4,0,0
BRDA:37,5,0,0
BRDA:38,6,0,0
BRDA:39,7,0,0
BRDA:41,8,0,0
BRDA:41,8,1,1
BRDA:66,9,0,1
BRDA:66,9,1,0
BRDA:71,10,0,0
BRDA:71,10,1,0
BRDA:72,11,0,0
BRDA:72,11,1,0
BRDA:73,12,0,0
BRDA:73,12,1,0
BRDA:74,13,0,0
BRDA:74,13,1,0
BRDA:86,14,0,1
BRDA:86,14,1,1
BRDA:92,15,0,0
BRDA:92,15,1,0
BRDA:118,16,0,0
BRDA:119,17,0,0
BRDA:120,18,0,0
BRDA:121,19,0,0
BRDA:126,20,0,0
BRDA:126,20,1,1
BRF:32
BRH:6
end_of_record
TN:
SF:src\model\Member.js
FNF:0
FNH:0
DA:1,10
DA:3,10
DA:37,10
DA:38,10
LF:4
LH:4
BRF:0
BRH:0
end_of_record
